[0.174s] Invoking command in '/home/satoimo/LEDFACE_ws/esp32_firmware_ws/firmware/mcu_ws/build/microcdr': /usr/bin/cmake --build /home/satoimo/LEDFACE_ws/esp32_firmware_ws/firmware/mcu_ws/build/microcdr -- -j16 -l16
[0.640s] gmake[4]: Entering directory '/home/satoimo/LEDFACE_ws/esp32_firmware_ws/firmware/mcu_ws/build/microcdr'
[0.640s] /usr/bin/cmake -S/home/satoimo/LEDFACE_ws/esp32_firmware_ws/firmware/mcu_ws/eProsima/Micro-CDR -B/home/satoimo/LEDFACE_ws/esp32_firmware_ws/firmware/mcu_ws/build/microcdr --check-build-system CMakeFiles/Makefile.cmake 0
[0.641s] Re-run cmake file: Makefile older than: /home/satoimo/LEDFACE_ws/esp32_firmware_ws/firmware/freertos_apps/microros_esp32_extensions/esp32_toolchain.cmake
[0.641s] -- Configuring done
[0.641s] -- Generating done
[0.641s] -- Build files have been written to: /home/satoimo/LEDFACE_ws/esp32_firmware_ws/firmware/mcu_ws/build/microcdr
[0.641s] /usr/bin/cmake -E cmake_progress_start /home/satoimo/LEDFACE_ws/esp32_firmware_ws/firmware/mcu_ws/build/microcdr/CMakeFiles /home/satoimo/LEDFACE_ws/esp32_firmware_ws/firmware/mcu_ws/build/microcdr//CMakeFiles/progress.marks
[0.641s] /usr/bin/gmake  -f CMakeFiles/Makefile2 all
[0.641s] gmake[5]: Entering directory '/home/satoimo/LEDFACE_ws/esp32_firmware_ws/firmware/mcu_ws/build/microcdr'
[0.641s] /usr/bin/gmake  -f CMakeFiles/microcdr.dir/build.make CMakeFiles/microcdr.dir/depend
[0.641s] gmake[6]: Entering directory '/home/satoimo/LEDFACE_ws/esp32_firmware_ws/firmware/mcu_ws/build/microcdr'
[0.641s] cd /home/satoimo/LEDFACE_ws/esp32_firmware_ws/firmware/mcu_ws/build/microcdr && /usr/bin/cmake -E cmake_depends "Unix Makefiles" /home/satoimo/LEDFACE_ws/esp32_firmware_ws/firmware/mcu_ws/eProsima/Micro-CDR /home/satoimo/LEDFACE_ws/esp32_firmware_ws/firmware/mcu_ws/eProsima/Micro-CDR /home/satoimo/LEDFACE_ws/esp32_firmware_ws/firmware/mcu_ws/build/microcdr /home/satoimo/LEDFACE_ws/esp32_firmware_ws/firmware/mcu_ws/build/microcdr /home/satoimo/LEDFACE_ws/esp32_firmware_ws/firmware/mcu_ws/build/microcdr/CMakeFiles/microcdr.dir/DependInfo.cmake --color=
[0.641s] Dependencies file "CMakeFiles/microcdr.dir/src/c/common.c.obj.d" is newer than depends file "/home/satoimo/LEDFACE_ws/esp32_firmware_ws/firmware/mcu_ws/build/microcdr/CMakeFiles/microcdr.dir/compiler_depend.internal".
[0.641s] Dependencies file "CMakeFiles/microcdr.dir/src/c/types/array.c.obj.d" is newer than depends file "/home/satoimo/LEDFACE_ws/esp32_firmware_ws/firmware/mcu_ws/build/microcdr/CMakeFiles/microcdr.dir/compiler_depend.internal".
[0.641s] Dependencies file "CMakeFiles/microcdr.dir/src/c/types/basic.c.obj.d" is newer than depends file "/home/satoimo/LEDFACE_ws/esp32_firmware_ws/firmware/mcu_ws/build/microcdr/CMakeFiles/microcdr.dir/compiler_depend.internal".
[0.642s] Dependencies file "CMakeFiles/microcdr.dir/src/c/types/sequence.c.obj.d" is newer than depends file "/home/satoimo/LEDFACE_ws/esp32_firmware_ws/firmware/mcu_ws/build/microcdr/CMakeFiles/microcdr.dir/compiler_depend.internal".
[0.642s] Dependencies file "CMakeFiles/microcdr.dir/src/c/types/string.c.obj.d" is newer than depends file "/home/satoimo/LEDFACE_ws/esp32_firmware_ws/firmware/mcu_ws/build/microcdr/CMakeFiles/microcdr.dir/compiler_depend.internal".
[0.642s] [35m[1mConsolidate compiler generated dependencies of target microcdr[0m
[0.642s] gmake[6]: Leaving directory '/home/satoimo/LEDFACE_ws/esp32_firmware_ws/firmware/mcu_ws/build/microcdr'
[0.642s] /usr/bin/gmake  -f CMakeFiles/microcdr.dir/build.make CMakeFiles/microcdr.dir/build
[0.642s] gmake[6]: Entering directory '/home/satoimo/LEDFACE_ws/esp32_firmware_ws/firmware/mcu_ws/build/microcdr'
[0.642s] gmake[6]: Nothing to be done for 'CMakeFiles/microcdr.dir/build'.
[0.642s] gmake[6]: Leaving directory '/home/satoimo/LEDFACE_ws/esp32_firmware_ws/firmware/mcu_ws/build/microcdr'
[0.642s] [100%] Built target microcdr
[0.651s] gmake[5]: Leaving directory '/home/satoimo/LEDFACE_ws/esp32_firmware_ws/firmware/mcu_ws/build/microcdr'
[0.653s] /usr/bin/cmake -E cmake_progress_start /home/satoimo/LEDFACE_ws/esp32_firmware_ws/firmware/mcu_ws/build/microcdr/CMakeFiles 0
[0.653s] gmake[4]: Leaving directory '/home/satoimo/LEDFACE_ws/esp32_firmware_ws/firmware/mcu_ws/build/microcdr'
[0.732s] Invoked command in '/home/satoimo/LEDFACE_ws/esp32_firmware_ws/firmware/mcu_ws/build/microcdr' returned '0': /usr/bin/cmake --build /home/satoimo/LEDFACE_ws/esp32_firmware_ws/firmware/mcu_ws/build/microcdr -- -j16 -l16
[0.734s] Invoking command in '/home/satoimo/LEDFACE_ws/esp32_firmware_ws/firmware/mcu_ws/build/microcdr': /usr/bin/cmake --install /home/satoimo/LEDFACE_ws/esp32_firmware_ws/firmware/mcu_ws/build/microcdr
[0.792s] -- Install configuration: "Debug"
[0.792s] -- Up-to-date: /home/satoimo/LEDFACE_ws/esp32_firmware_ws/firmware/mcu_ws/install/lib/libmicrocdr.a
[0.792s] -- Up-to-date: /home/satoimo/LEDFACE_ws/esp32_firmware_ws/firmware/mcu_ws/install/include/ucdr
[0.793s] -- Up-to-date: /home/satoimo/LEDFACE_ws/esp32_firmware_ws/firmware/mcu_ws/install/include/ucdr/microcdr.h
[0.793s] -- Up-to-date: /home/satoimo/LEDFACE_ws/esp32_firmware_ws/firmware/mcu_ws/install/include/ucdr/visibility.h
[0.793s] -- Up-to-date: /home/satoimo/LEDFACE_ws/esp32_firmware_ws/firmware/mcu_ws/install/include/ucdr/config.h
[0.793s] -- Up-to-date: /home/satoimo/LEDFACE_ws/esp32_firmware_ws/firmware/mcu_ws/install/share/microcdr/cmake/microcdrTargets.cmake
[0.793s] -- Up-to-date: /home/satoimo/LEDFACE_ws/esp32_firmware_ws/firmware/mcu_ws/install/share/microcdr/cmake/microcdrTargets-debug.cmake
[0.793s] -- Up-to-date: /home/satoimo/LEDFACE_ws/esp32_firmware_ws/firmware/mcu_ws/install/share/microcdr/cmake/microcdrConfig.cmake
[0.794s] -- Up-to-date: /home/satoimo/LEDFACE_ws/esp32_firmware_ws/firmware/mcu_ws/install/share/microcdr/cmake/microcdrConfigVersion.cmake
[0.885s] Invoked command in '/home/satoimo/LEDFACE_ws/esp32_firmware_ws/firmware/mcu_ws/build/microcdr' returned '0': /usr/bin/cmake --install /home/satoimo/LEDFACE_ws/esp32_firmware_ws/firmware/mcu_ws/build/microcdr
