[0.644s] Invoking command in '/home/satoimo/LEDFACE_ws/esp32_firmware_ws/firmware/mcu_ws/build/libyaml_vendor': CMAKE_PREFIX_PATH=${CMAKE_PREFIX_PATH}:/home/satoimo/LEDFACE_ws/esp32_firmware_ws/firmware/dev_ws/install/ament_uncrustify:/home/satoimo/LEDFACE_ws/esp32_firmware_ws/firmware/dev_ws/install/domain_coordinator:/home/satoimo/LEDFACE_ws/esp32_firmware_ws/firmware/dev_ws/install/ament_xmllint:/home/satoimo/LEDFACE_ws/esp32_firmware_ws/firmware/dev_ws/install/ament_pyflakes:/home/satoimo/LEDFACE_ws/esp32_firmware_ws/firmware/dev_ws/install/ament_pycodestyle:/home/satoimo/LEDFACE_ws/esp32_firmware_ws/firmware/dev_ws/install/ament_pep257:/home/satoimo/LEDFACE_ws/esp32_firmware_ws/firmware/dev_ws/install/ament_pclint:/home/satoimo/LEDFACE_ws/esp32_firmware_ws/firmware/dev_ws/install/ament_package:/home/satoimo/LEDFACE_ws/esp32_firmware_ws/firmware/dev_ws/install/ament_mypy:/home/satoimo/LEDFACE_ws/esp32_firmware_ws/firmware/dev_ws/install/ament_lint_cmake:/home/satoimo/LEDFACE_ws/esp32_firmware_ws/firmware/dev_ws/install/ament_flake8:/home/satoimo/LEDFACE_ws/esp32_firmware_ws/firmware/dev_ws/install/ament_copyright:/home/satoimo/LEDFACE_ws/esp32_firmware_ws/firmware/dev_ws/install/ament_lint:/home/satoimo/LEDFACE_ws/esp32_firmware_ws/firmware/dev_ws/install/ament_index_python:/home/satoimo/LEDFACE_ws/esp32_firmware_ws/firmware/dev_ws/install/ament_cpplint:/home/satoimo/LEDFACE_ws/esp32_firmware_ws/firmware/dev_ws/install/ament_cppcheck:/home/satoimo/LEDFACE_ws/esp32_firmware_ws/firmware/dev_ws/install/ament_clang_tidy:/home/satoimo/LEDFACE_ws/esp32_firmware_ws/firmware/dev_ws/install/ament_clang_format /usr/bin/cmake --build /home/satoimo/LEDFACE_ws/esp32_firmware_ws/firmware/mcu_ws/build/libyaml_vendor -- -j16 -l16
[0.696s] gmake[4]: Entering directory '/home/satoimo/LEDFACE_ws/esp32_firmware_ws/firmware/mcu_ws/build/libyaml_vendor'
[0.697s] /usr/bin/cmake -S/home/satoimo/LEDFACE_ws/esp32_firmware_ws/firmware/mcu_ws/ros2/libyaml_vendor -B/home/satoimo/LEDFACE_ws/esp32_firmware_ws/firmware/mcu_ws/build/libyaml_vendor --check-build-system CMakeFiles/Makefile.cmake 0
[0.731s] Re-run cmake file: Makefile older than: /home/satoimo/LEDFACE_ws/esp32_firmware_ws/firmware/freertos_apps/microros_esp32_extensions/esp32_toolchain.cmake
[0.748s] -- Found ament_cmake: 1.3.12 (/home/satoimo/LEDFACE_ws/esp32_firmware_ws/firmware/dev_ws/install/ament_cmake/share/ament_cmake/cmake)
[1.129s] -- Configuring done
[1.135s] -- Generating done
[1.139s] -- Build files have been written to: /home/satoimo/LEDFACE_ws/esp32_firmware_ws/firmware/mcu_ws/build/libyaml_vendor
[1.142s] /usr/bin/cmake -E cmake_progress_start /home/satoimo/LEDFACE_ws/esp32_firmware_ws/firmware/mcu_ws/build/libyaml_vendor/CMakeFiles /home/satoimo/LEDFACE_ws/esp32_firmware_ws/firmware/mcu_ws/build/libyaml_vendor//CMakeFiles/progress.marks
[1.154s] /usr/bin/gmake  -f CMakeFiles/Makefile2 all
[1.155s] gmake[5]: Entering directory '/home/satoimo/LEDFACE_ws/esp32_firmware_ws/firmware/mcu_ws/build/libyaml_vendor'
[1.156s] /usr/bin/gmake  -f CMakeFiles/libyaml-0.2.5.dir/build.make CMakeFiles/libyaml-0.2.5.dir/depend
[1.159s] gmake[6]: Entering directory '/home/satoimo/LEDFACE_ws/esp32_firmware_ws/firmware/mcu_ws/build/libyaml_vendor'
[1.159s] cd /home/satoimo/LEDFACE_ws/esp32_firmware_ws/firmware/mcu_ws/build/libyaml_vendor && /usr/bin/cmake -E cmake_depends "Unix Makefiles" /home/satoimo/LEDFACE_ws/esp32_firmware_ws/firmware/mcu_ws/ros2/libyaml_vendor /home/satoimo/LEDFACE_ws/esp32_firmware_ws/firmware/mcu_ws/ros2/libyaml_vendor /home/satoimo/LEDFACE_ws/esp32_firmware_ws/firmware/mcu_ws/build/libyaml_vendor /home/satoimo/LEDFACE_ws/esp32_firmware_ws/firmware/mcu_ws/build/libyaml_vendor /home/satoimo/LEDFACE_ws/esp32_firmware_ws/firmware/mcu_ws/build/libyaml_vendor/CMakeFiles/libyaml-0.2.5.dir/DependInfo.cmake --color=
[1.174s] gmake[6]: Leaving directory '/home/satoimo/LEDFACE_ws/esp32_firmware_ws/firmware/mcu_ws/build/libyaml_vendor'
[1.174s] /usr/bin/gmake  -f CMakeFiles/libyaml-0.2.5.dir/build.make CMakeFiles/libyaml-0.2.5.dir/build
[1.175s] gmake[6]: Entering directory '/home/satoimo/LEDFACE_ws/esp32_firmware_ws/firmware/mcu_ws/build/libyaml_vendor'
[1.175s] gmake[6]: Nothing to be done for 'CMakeFiles/libyaml-0.2.5.dir/build'.
[1.175s] gmake[6]: Leaving directory '/home/satoimo/LEDFACE_ws/esp32_firmware_ws/firmware/mcu_ws/build/libyaml_vendor'
[1.182s] [100%] Built target libyaml-0.2.5
[1.183s] gmake[5]: Leaving directory '/home/satoimo/LEDFACE_ws/esp32_firmware_ws/firmware/mcu_ws/build/libyaml_vendor'
[1.183s] /usr/bin/cmake -E cmake_progress_start /home/satoimo/LEDFACE_ws/esp32_firmware_ws/firmware/mcu_ws/build/libyaml_vendor/CMakeFiles 0
[1.195s] gmake[4]: Leaving directory '/home/satoimo/LEDFACE_ws/esp32_firmware_ws/firmware/mcu_ws/build/libyaml_vendor'
[1.236s] Invoked command in '/home/satoimo/LEDFACE_ws/esp32_firmware_ws/firmware/mcu_ws/build/libyaml_vendor' returned '0': CMAKE_PREFIX_PATH=${CMAKE_PREFIX_PATH}:/home/satoimo/LEDFACE_ws/esp32_firmware_ws/firmware/dev_ws/install/ament_uncrustify:/home/satoimo/LEDFACE_ws/esp32_firmware_ws/firmware/dev_ws/install/domain_coordinator:/home/satoimo/LEDFACE_ws/esp32_firmware_ws/firmware/dev_ws/install/ament_xmllint:/home/satoimo/LEDFACE_ws/esp32_firmware_ws/firmware/dev_ws/install/ament_pyflakes:/home/satoimo/LEDFACE_ws/esp32_firmware_ws/firmware/dev_ws/install/ament_pycodestyle:/home/satoimo/LEDFACE_ws/esp32_firmware_ws/firmware/dev_ws/install/ament_pep257:/home/satoimo/LEDFACE_ws/esp32_firmware_ws/firmware/dev_ws/install/ament_pclint:/home/satoimo/LEDFACE_ws/esp32_firmware_ws/firmware/dev_ws/install/ament_package:/home/satoimo/LEDFACE_ws/esp32_firmware_ws/firmware/dev_ws/install/ament_mypy:/home/satoimo/LEDFACE_ws/esp32_firmware_ws/firmware/dev_ws/install/ament_lint_cmake:/home/satoimo/LEDFACE_ws/esp32_firmware_ws/firmware/dev_ws/install/ament_flake8:/home/satoimo/LEDFACE_ws/esp32_firmware_ws/firmware/dev_ws/install/ament_copyright:/home/satoimo/LEDFACE_ws/esp32_firmware_ws/firmware/dev_ws/install/ament_lint:/home/satoimo/LEDFACE_ws/esp32_firmware_ws/firmware/dev_ws/install/ament_index_python:/home/satoimo/LEDFACE_ws/esp32_firmware_ws/firmware/dev_ws/install/ament_cpplint:/home/satoimo/LEDFACE_ws/esp32_firmware_ws/firmware/dev_ws/install/ament_cppcheck:/home/satoimo/LEDFACE_ws/esp32_firmware_ws/firmware/dev_ws/install/ament_clang_tidy:/home/satoimo/LEDFACE_ws/esp32_firmware_ws/firmware/dev_ws/install/ament_clang_format /usr/bin/cmake --build /home/satoimo/LEDFACE_ws/esp32_firmware_ws/firmware/mcu_ws/build/libyaml_vendor -- -j16 -l16
[1.238s] Invoking command in '/home/satoimo/LEDFACE_ws/esp32_firmware_ws/firmware/mcu_ws/build/libyaml_vendor': CMAKE_PREFIX_PATH=${CMAKE_PREFIX_PATH}:/home/satoimo/LEDFACE_ws/esp32_firmware_ws/firmware/dev_ws/install/ament_uncrustify:/home/satoimo/LEDFACE_ws/esp32_firmware_ws/firmware/dev_ws/install/domain_coordinator:/home/satoimo/LEDFACE_ws/esp32_firmware_ws/firmware/dev_ws/install/ament_xmllint:/home/satoimo/LEDFACE_ws/esp32_firmware_ws/firmware/dev_ws/install/ament_pyflakes:/home/satoimo/LEDFACE_ws/esp32_firmware_ws/firmware/dev_ws/install/ament_pycodestyle:/home/satoimo/LEDFACE_ws/esp32_firmware_ws/firmware/dev_ws/install/ament_pep257:/home/satoimo/LEDFACE_ws/esp32_firmware_ws/firmware/dev_ws/install/ament_pclint:/home/satoimo/LEDFACE_ws/esp32_firmware_ws/firmware/dev_ws/install/ament_package:/home/satoimo/LEDFACE_ws/esp32_firmware_ws/firmware/dev_ws/install/ament_mypy:/home/satoimo/LEDFACE_ws/esp32_firmware_ws/firmware/dev_ws/install/ament_lint_cmake:/home/satoimo/LEDFACE_ws/esp32_firmware_ws/firmware/dev_ws/install/ament_flake8:/home/satoimo/LEDFACE_ws/esp32_firmware_ws/firmware/dev_ws/install/ament_copyright:/home/satoimo/LEDFACE_ws/esp32_firmware_ws/firmware/dev_ws/install/ament_lint:/home/satoimo/LEDFACE_ws/esp32_firmware_ws/firmware/dev_ws/install/ament_index_python:/home/satoimo/LEDFACE_ws/esp32_firmware_ws/firmware/dev_ws/install/ament_cpplint:/home/satoimo/LEDFACE_ws/esp32_firmware_ws/firmware/dev_ws/install/ament_cppcheck:/home/satoimo/LEDFACE_ws/esp32_firmware_ws/firmware/dev_ws/install/ament_clang_tidy:/home/satoimo/LEDFACE_ws/esp32_firmware_ws/firmware/dev_ws/install/ament_clang_format /usr/bin/cmake --install /home/satoimo/LEDFACE_ws/esp32_firmware_ws/firmware/mcu_ws/build/libyaml_vendor
[1.254s] -- Install configuration: "Debug"
[1.254s] -- Up-to-date: /home/satoimo/LEDFACE_ws/esp32_firmware_ws/firmware/mcu_ws/install
[1.254s] -- Up-to-date: /home/satoimo/LEDFACE_ws/esp32_firmware_ws/firmware/mcu_ws/install/include
[1.254s] -- Up-to-date: /home/satoimo/LEDFACE_ws/esp32_firmware_ws/firmware/mcu_ws/install/include/libyaml_vendor
[1.254s] -- Up-to-date: /home/satoimo/LEDFACE_ws/esp32_firmware_ws/firmware/mcu_ws/install/include/libyaml_vendor/yaml.h
[1.254s] -- Up-to-date: /home/satoimo/LEDFACE_ws/esp32_firmware_ws/firmware/mcu_ws/install/cmake
[1.255s] -- Up-to-date: /home/satoimo/LEDFACE_ws/esp32_firmware_ws/firmware/mcu_ws/install/cmake/yamlConfig.cmake
[1.255s] -- Up-to-date: /home/satoimo/LEDFACE_ws/esp32_firmware_ws/firmware/mcu_ws/install/cmake/yamlTargets-debug.cmake
[1.255s] -- Up-to-date: /home/satoimo/LEDFACE_ws/esp32_firmware_ws/firmware/mcu_ws/install/cmake/yamlConfigVersion.cmake
[1.256s] -- Up-to-date: /home/satoimo/LEDFACE_ws/esp32_firmware_ws/firmware/mcu_ws/install/cmake/yamlTargets.cmake
[1.256s] -- Up-to-date: /home/satoimo/LEDFACE_ws/esp32_firmware_ws/firmware/mcu_ws/install/lib
[1.256s] -- Up-to-date: /home/satoimo/LEDFACE_ws/esp32_firmware_ws/firmware/mcu_ws/install/lib/libyaml.a
[1.256s] -- Up-to-date: /home/satoimo/LEDFACE_ws/esp32_firmware_ws/firmware/mcu_ws/install/share/libyaml_vendor/environment/library_path.sh
[1.256s] -- Installing: /home/satoimo/LEDFACE_ws/esp32_firmware_ws/firmware/mcu_ws/install/share/libyaml_vendor/environment/library_path.dsv
[1.256s] -- Up-to-date: /home/satoimo/LEDFACE_ws/esp32_firmware_ws/firmware/mcu_ws/install/share/ament_index/resource_index/package_run_dependencies/libyaml_vendor
[1.256s] -- Up-to-date: /home/satoimo/LEDFACE_ws/esp32_firmware_ws/firmware/mcu_ws/install/share/ament_index/resource_index/parent_prefix_path/libyaml_vendor
[1.256s] -- Up-to-date: /home/satoimo/LEDFACE_ws/esp32_firmware_ws/firmware/mcu_ws/install/share/libyaml_vendor/environment/ament_prefix_path.sh
[1.256s] -- Installing: /home/satoimo/LEDFACE_ws/esp32_firmware_ws/firmware/mcu_ws/install/share/libyaml_vendor/environment/ament_prefix_path.dsv
[1.256s] -- Up-to-date: /home/satoimo/LEDFACE_ws/esp32_firmware_ws/firmware/mcu_ws/install/share/libyaml_vendor/environment/path.sh
[1.256s] -- Installing: /home/satoimo/LEDFACE_ws/esp32_firmware_ws/firmware/mcu_ws/install/share/libyaml_vendor/environment/path.dsv
[1.256s] -- Up-to-date: /home/satoimo/LEDFACE_ws/esp32_firmware_ws/firmware/mcu_ws/install/share/libyaml_vendor/local_setup.bash
[1.256s] -- Up-to-date: /home/satoimo/LEDFACE_ws/esp32_firmware_ws/firmware/mcu_ws/install/share/libyaml_vendor/local_setup.sh
[1.256s] -- Up-to-date: /home/satoimo/LEDFACE_ws/esp32_firmware_ws/firmware/mcu_ws/install/share/libyaml_vendor/local_setup.zsh
[1.256s] -- Installing: /home/satoimo/LEDFACE_ws/esp32_firmware_ws/firmware/mcu_ws/install/share/libyaml_vendor/local_setup.dsv
[1.258s] -- Installing: /home/satoimo/LEDFACE_ws/esp32_firmware_ws/firmware/mcu_ws/install/share/libyaml_vendor/package.dsv
[1.258s] -- Up-to-date: /home/satoimo/LEDFACE_ws/esp32_firmware_ws/firmware/mcu_ws/install/share/ament_index/resource_index/packages/libyaml_vendor
[1.258s] -- Up-to-date: /home/satoimo/LEDFACE_ws/esp32_firmware_ws/firmware/mcu_ws/install/share/libyaml_vendor/cmake/libyaml_vendor-extras.cmake
[1.258s] -- Up-to-date: /home/satoimo/LEDFACE_ws/esp32_firmware_ws/firmware/mcu_ws/install/share/libyaml_vendor/cmake/ament_cmake_export_libraries-extras.cmake
[1.258s] -- Up-to-date: /home/satoimo/LEDFACE_ws/esp32_firmware_ws/firmware/mcu_ws/install/share/libyaml_vendor/cmake/ament_cmake_export_dependencies-extras.cmake
[1.258s] -- Up-to-date: /home/satoimo/LEDFACE_ws/esp32_firmware_ws/firmware/mcu_ws/install/share/libyaml_vendor/cmake/libyaml_vendorConfig.cmake
[1.258s] -- Up-to-date: /home/satoimo/LEDFACE_ws/esp32_firmware_ws/firmware/mcu_ws/install/share/libyaml_vendor/cmake/libyaml_vendorConfig-version.cmake
[1.259s] -- Up-to-date: /home/satoimo/LEDFACE_ws/esp32_firmware_ws/firmware/mcu_ws/install/share/libyaml_vendor/package.xml
[1.259s] Invoked command in '/home/satoimo/LEDFACE_ws/esp32_firmware_ws/firmware/mcu_ws/build/libyaml_vendor' returned '0': CMAKE_PREFIX_PATH=${CMAKE_PREFIX_PATH}:/home/satoimo/LEDFACE_ws/esp32_firmware_ws/firmware/dev_ws/install/ament_uncrustify:/home/satoimo/LEDFACE_ws/esp32_firmware_ws/firmware/dev_ws/install/domain_coordinator:/home/satoimo/LEDFACE_ws/esp32_firmware_ws/firmware/dev_ws/install/ament_xmllint:/home/satoimo/LEDFACE_ws/esp32_firmware_ws/firmware/dev_ws/install/ament_pyflakes:/home/satoimo/LEDFACE_ws/esp32_firmware_ws/firmware/dev_ws/install/ament_pycodestyle:/home/satoimo/LEDFACE_ws/esp32_firmware_ws/firmware/dev_ws/install/ament_pep257:/home/satoimo/LEDFACE_ws/esp32_firmware_ws/firmware/dev_ws/install/ament_pclint:/home/satoimo/LEDFACE_ws/esp32_firmware_ws/firmware/dev_ws/install/ament_package:/home/satoimo/LEDFACE_ws/esp32_firmware_ws/firmware/dev_ws/install/ament_mypy:/home/satoimo/LEDFACE_ws/esp32_firmware_ws/firmware/dev_ws/install/ament_lint_cmake:/home/satoimo/LEDFACE_ws/esp32_firmware_ws/firmware/dev_ws/install/ament_flake8:/home/satoimo/LEDFACE_ws/esp32_firmware_ws/firmware/dev_ws/install/ament_copyright:/home/satoimo/LEDFACE_ws/esp32_firmware_ws/firmware/dev_ws/install/ament_lint:/home/satoimo/LEDFACE_ws/esp32_firmware_ws/firmware/dev_ws/install/ament_index_python:/home/satoimo/LEDFACE_ws/esp32_firmware_ws/firmware/dev_ws/install/ament_cpplint:/home/satoimo/LEDFACE_ws/esp32_firmware_ws/firmware/dev_ws/install/ament_cppcheck:/home/satoimo/LEDFACE_ws/esp32_firmware_ws/firmware/dev_ws/install/ament_clang_tidy:/home/satoimo/LEDFACE_ws/esp32_firmware_ws/firmware/dev_ws/install/ament_clang_format /usr/bin/cmake --install /home/satoimo/LEDFACE_ws/esp32_firmware_ws/firmware/mcu_ws/build/libyaml_vendor
