[1.274s] Invoking command in '/home/satoimo/LEDFACE_ws/esp32_firmware_ws/firmware/mcu_ws/uros/tracetools/tracetools_trace': PYTHONPATH=/home/satoimo/LEDFACE_ws/esp32_firmware_ws/firmware/mcu_ws/build/tracetools_trace/prefix_override:/home/satoimo/LEDFACE_ws/esp32_firmware_ws/firmware/toolchain/espressif/python_env/idf4.1_py3.10_env/lib/python3.10/site-packages/colcon_core/task/python/colcon_distutils_commands:/home/satoimo/LEDFACE_ws/esp32_firmware_ws/firmware/mcu_ws/install/lib/python3.10/site-packages:${PYTHONPATH} /home/satoimo/LEDFACE_ws/esp32_firmware_ws/firmware/toolchain/espressif/python_env/idf4.1_py3.10_env/bin/python -W ignore:setup.py install is deprecated -W ignore:easy_install command is deprecated setup.py egg_info --egg-base ../../../build/tracetools_trace build --build-base /home/satoimo/LEDFACE_ws/esp32_firmware_ws/firmware/mcu_ws/build/tracetools_trace/build install --record /home/satoimo/LEDFACE_ws/esp32_firmware_ws/firmware/mcu_ws/build/tracetools_trace/install.log --single-version-externally-managed install_data
[1.505s] /home/satoimo/LEDFACE_ws/esp32_firmware_ws/firmware/toolchain/espressif/python_env/idf4.1_py3.10_env/lib/python3.10/site-packages/setuptools/_distutils/dist.py:289: UserWarning: Unknown distribution option: 'tests_require'
[1.505s]   warnings.warn(msg)
[1.548s] running egg_info
[1.555s] creating ../../../build/tracetools_trace/tracetools_trace.egg-info
[1.555s] writing ../../../build/tracetools_trace/tracetools_trace.egg-info/PKG-INFO
[1.555s] writing dependency_links to ../../../build/tracetools_trace/tracetools_trace.egg-info/dependency_links.txt
[1.555s] writing entry points to ../../../build/tracetools_trace/tracetools_trace.egg-info/entry_points.txt
[1.556s] writing requirements to ../../../build/tracetools_trace/tracetools_trace.egg-info/requires.txt
[1.556s] writing top-level names to ../../../build/tracetools_trace/tracetools_trace.egg-info/top_level.txt
[1.556s] writing manifest file '../../../build/tracetools_trace/tracetools_trace.egg-info/SOURCES.txt'
[1.572s] reading manifest file '../../../build/tracetools_trace/tracetools_trace.egg-info/SOURCES.txt'
[1.574s] writing manifest file '../../../build/tracetools_trace/tracetools_trace.egg-info/SOURCES.txt'
[1.574s] running build
[1.574s] running build_py
[1.574s] creating /home/satoimo/LEDFACE_ws/esp32_firmware_ws/firmware/mcu_ws/build/tracetools_trace/build/lib/tracetools_trace
[1.575s] copying tracetools_trace/__init__.py -> /home/satoimo/LEDFACE_ws/esp32_firmware_ws/firmware/mcu_ws/build/tracetools_trace/build/lib/tracetools_trace
[1.575s] copying tracetools_trace/trace.py -> /home/satoimo/LEDFACE_ws/esp32_firmware_ws/firmware/mcu_ws/build/tracetools_trace/build/lib/tracetools_trace
[1.576s] creating /home/satoimo/LEDFACE_ws/esp32_firmware_ws/firmware/mcu_ws/build/tracetools_trace/build/lib/tracetools_trace/tools
[1.576s] copying tracetools_trace/tools/lttng_stub.py -> /home/satoimo/LEDFACE_ws/esp32_firmware_ws/firmware/mcu_ws/build/tracetools_trace/build/lib/tracetools_trace/tools
[1.576s] copying tracetools_trace/tools/signals.py -> /home/satoimo/LEDFACE_ws/esp32_firmware_ws/firmware/mcu_ws/build/tracetools_trace/build/lib/tracetools_trace/tools
[1.576s] copying tracetools_trace/tools/path.py -> /home/satoimo/LEDFACE_ws/esp32_firmware_ws/firmware/mcu_ws/build/tracetools_trace/build/lib/tracetools_trace/tools
[1.576s] copying tracetools_trace/tools/tracepoints.py -> /home/satoimo/LEDFACE_ws/esp32_firmware_ws/firmware/mcu_ws/build/tracetools_trace/build/lib/tracetools_trace/tools
[1.576s] copying tracetools_trace/tools/lttng_impl.py -> /home/satoimo/LEDFACE_ws/esp32_firmware_ws/firmware/mcu_ws/build/tracetools_trace/build/lib/tracetools_trace/tools
[1.577s] copying tracetools_trace/tools/__init__.py -> /home/satoimo/LEDFACE_ws/esp32_firmware_ws/firmware/mcu_ws/build/tracetools_trace/build/lib/tracetools_trace/tools
[1.577s] copying tracetools_trace/tools/names.py -> /home/satoimo/LEDFACE_ws/esp32_firmware_ws/firmware/mcu_ws/build/tracetools_trace/build/lib/tracetools_trace/tools
[1.577s] copying tracetools_trace/tools/lttng.py -> /home/satoimo/LEDFACE_ws/esp32_firmware_ws/firmware/mcu_ws/build/tracetools_trace/build/lib/tracetools_trace/tools
[1.578s] copying tracetools_trace/tools/args.py -> /home/satoimo/LEDFACE_ws/esp32_firmware_ws/firmware/mcu_ws/build/tracetools_trace/build/lib/tracetools_trace/tools
[1.578s] running install
[1.583s] running install_lib
[1.592s] creating /home/satoimo/LEDFACE_ws/esp32_firmware_ws/firmware/mcu_ws/install/lib/python3.10/site-packages/tracetools_trace
[1.592s] creating /home/satoimo/LEDFACE_ws/esp32_firmware_ws/firmware/mcu_ws/install/lib/python3.10/site-packages/tracetools_trace/tools
[1.592s] copying /home/satoimo/LEDFACE_ws/esp32_firmware_ws/firmware/mcu_ws/build/tracetools_trace/build/lib/tracetools_trace/tools/lttng_stub.py -> /home/satoimo/LEDFACE_ws/esp32_firmware_ws/firmware/mcu_ws/install/lib/python3.10/site-packages/tracetools_trace/tools
[1.593s] copying /home/satoimo/LEDFACE_ws/esp32_firmware_ws/firmware/mcu_ws/build/tracetools_trace/build/lib/tracetools_trace/tools/signals.py -> /home/satoimo/LEDFACE_ws/esp32_firmware_ws/firmware/mcu_ws/install/lib/python3.10/site-packages/tracetools_trace/tools
[1.593s] copying /home/satoimo/LEDFACE_ws/esp32_firmware_ws/firmware/mcu_ws/build/tracetools_trace/build/lib/tracetools_trace/tools/path.py -> /home/satoimo/LEDFACE_ws/esp32_firmware_ws/firmware/mcu_ws/install/lib/python3.10/site-packages/tracetools_trace/tools
[1.593s] copying /home/satoimo/LEDFACE_ws/esp32_firmware_ws/firmware/mcu_ws/build/tracetools_trace/build/lib/tracetools_trace/tools/tracepoints.py -> /home/satoimo/LEDFACE_ws/esp32_firmware_ws/firmware/mcu_ws/install/lib/python3.10/site-packages/tracetools_trace/tools
[1.593s] copying /home/satoimo/LEDFACE_ws/esp32_firmware_ws/firmware/mcu_ws/build/tracetools_trace/build/lib/tracetools_trace/tools/lttng_impl.py -> /home/satoimo/LEDFACE_ws/esp32_firmware_ws/firmware/mcu_ws/install/lib/python3.10/site-packages/tracetools_trace/tools
[1.593s] copying /home/satoimo/LEDFACE_ws/esp32_firmware_ws/firmware/mcu_ws/build/tracetools_trace/build/lib/tracetools_trace/tools/__init__.py -> /home/satoimo/LEDFACE_ws/esp32_firmware_ws/firmware/mcu_ws/install/lib/python3.10/site-packages/tracetools_trace/tools
[1.593s] copying /home/satoimo/LEDFACE_ws/esp32_firmware_ws/firmware/mcu_ws/build/tracetools_trace/build/lib/tracetools_trace/tools/names.py -> /home/satoimo/LEDFACE_ws/esp32_firmware_ws/firmware/mcu_ws/install/lib/python3.10/site-packages/tracetools_trace/tools
[1.594s] copying /home/satoimo/LEDFACE_ws/esp32_firmware_ws/firmware/mcu_ws/build/tracetools_trace/build/lib/tracetools_trace/tools/lttng.py -> /home/satoimo/LEDFACE_ws/esp32_firmware_ws/firmware/mcu_ws/install/lib/python3.10/site-packages/tracetools_trace/tools
[1.594s] copying /home/satoimo/LEDFACE_ws/esp32_firmware_ws/firmware/mcu_ws/build/tracetools_trace/build/lib/tracetools_trace/tools/args.py -> /home/satoimo/LEDFACE_ws/esp32_firmware_ws/firmware/mcu_ws/install/lib/python3.10/site-packages/tracetools_trace/tools
[1.594s] copying /home/satoimo/LEDFACE_ws/esp32_firmware_ws/firmware/mcu_ws/build/tracetools_trace/build/lib/tracetools_trace/__init__.py -> /home/satoimo/LEDFACE_ws/esp32_firmware_ws/firmware/mcu_ws/install/lib/python3.10/site-packages/tracetools_trace
[1.594s] copying /home/satoimo/LEDFACE_ws/esp32_firmware_ws/firmware/mcu_ws/build/tracetools_trace/build/lib/tracetools_trace/trace.py -> /home/satoimo/LEDFACE_ws/esp32_firmware_ws/firmware/mcu_ws/install/lib/python3.10/site-packages/tracetools_trace
[1.595s] byte-compiling /home/satoimo/LEDFACE_ws/esp32_firmware_ws/firmware/mcu_ws/install/lib/python3.10/site-packages/tracetools_trace/tools/lttng_stub.py to lttng_stub.cpython-310.pyc
[1.595s] byte-compiling /home/satoimo/LEDFACE_ws/esp32_firmware_ws/firmware/mcu_ws/install/lib/python3.10/site-packages/tracetools_trace/tools/signals.py to signals.cpython-310.pyc
[1.596s] byte-compiling /home/satoimo/LEDFACE_ws/esp32_firmware_ws/firmware/mcu_ws/install/lib/python3.10/site-packages/tracetools_trace/tools/path.py to path.cpython-310.pyc
[1.596s] byte-compiling /home/satoimo/LEDFACE_ws/esp32_firmware_ws/firmware/mcu_ws/install/lib/python3.10/site-packages/tracetools_trace/tools/tracepoints.py to tracepoints.cpython-310.pyc
[1.597s] byte-compiling /home/satoimo/LEDFACE_ws/esp32_firmware_ws/firmware/mcu_ws/install/lib/python3.10/site-packages/tracetools_trace/tools/lttng_impl.py to lttng_impl.cpython-310.pyc
[1.599s] byte-compiling /home/satoimo/LEDFACE_ws/esp32_firmware_ws/firmware/mcu_ws/install/lib/python3.10/site-packages/tracetools_trace/tools/__init__.py to __init__.cpython-310.pyc
[1.600s] byte-compiling /home/satoimo/LEDFACE_ws/esp32_firmware_ws/firmware/mcu_ws/install/lib/python3.10/site-packages/tracetools_trace/tools/names.py to names.cpython-310.pyc
[1.600s] byte-compiling /home/satoimo/LEDFACE_ws/esp32_firmware_ws/firmware/mcu_ws/install/lib/python3.10/site-packages/tracetools_trace/tools/lttng.py to lttng.cpython-310.pyc
[1.601s] byte-compiling /home/satoimo/LEDFACE_ws/esp32_firmware_ws/firmware/mcu_ws/install/lib/python3.10/site-packages/tracetools_trace/tools/args.py to args.cpython-310.pyc
[1.602s] byte-compiling /home/satoimo/LEDFACE_ws/esp32_firmware_ws/firmware/mcu_ws/install/lib/python3.10/site-packages/tracetools_trace/__init__.py to __init__.cpython-310.pyc
[1.602s] byte-compiling /home/satoimo/LEDFACE_ws/esp32_firmware_ws/firmware/mcu_ws/install/lib/python3.10/site-packages/tracetools_trace/trace.py to trace.cpython-310.pyc
[1.603s] running install_data
[1.603s] copying package.xml -> /home/satoimo/LEDFACE_ws/esp32_firmware_ws/firmware/mcu_ws/install/share/tracetools_trace
[1.603s] copying resource/tracetools_trace -> /home/satoimo/LEDFACE_ws/esp32_firmware_ws/firmware/mcu_ws/install/share/ament_index/resource_index/packages
[1.604s] running install_egg_info
[1.612s] Copying ../../../build/tracetools_trace/tracetools_trace.egg-info to /home/satoimo/LEDFACE_ws/esp32_firmware_ws/firmware/mcu_ws/install/lib/python3.10/site-packages/tracetools_trace-4.1.1-py3.10.egg-info
[1.613s] running install_scripts
[1.722s] Installing trace script to /home/satoimo/LEDFACE_ws/esp32_firmware_ws/firmware/mcu_ws/install/bin
[1.722s] writing list of installed files to '/home/satoimo/LEDFACE_ws/esp32_firmware_ws/firmware/mcu_ws/build/tracetools_trace/install.log'
[1.823s] Invoked command in '/home/satoimo/LEDFACE_ws/esp32_firmware_ws/firmware/mcu_ws/uros/tracetools/tracetools_trace' returned '0': PYTHONPATH=/home/satoimo/LEDFACE_ws/esp32_firmware_ws/firmware/mcu_ws/build/tracetools_trace/prefix_override:/home/satoimo/LEDFACE_ws/esp32_firmware_ws/firmware/toolchain/espressif/python_env/idf4.1_py3.10_env/lib/python3.10/site-packages/colcon_core/task/python/colcon_distutils_commands:/home/satoimo/LEDFACE_ws/esp32_firmware_ws/firmware/mcu_ws/install/lib/python3.10/site-packages:${PYTHONPATH} /home/satoimo/LEDFACE_ws/esp32_firmware_ws/firmware/toolchain/espressif/python_env/idf4.1_py3.10_env/bin/python -W ignore:setup.py install is deprecated -W ignore:easy_install command is deprecated setup.py egg_info --egg-base ../../../build/tracetools_trace build --build-base /home/satoimo/LEDFACE_ws/esp32_firmware_ws/firmware/mcu_ws/build/tracetools_trace/build install --record /home/satoimo/LEDFACE_ws/esp32_firmware_ws/firmware/mcu_ws/build/tracetools_trace/install.log --single-version-externally-managed install_data
