[0.787s] Invoking command in '/home/satoimo/LEDFACE_ws/esp32_firmware_ws/firmware/mcu_ws/uros/tracetools/ros2trace': AMENT_PREFIX_PATH=/home/satoimo/LEDFACE_ws/esp32_firmware_ws/firmware/mcu_ws/install:${AMENT_PREFIX_PATH} CMAKE_PREFIX_PATH=/home/satoimo/LEDFACE_ws/esp32_firmware_ws/firmware/mcu_ws/install:${CMAKE_PREFIX_PATH} PATH=/home/satoimo/LEDFACE_ws/esp32_firmware_ws/firmware/mcu_ws/install/bin:${PATH} PYTHONPATH=/home/satoimo/LEDFACE_ws/esp32_firmware_ws/firmware/mcu_ws/build/ros2trace/prefix_override:/home/satoimo/LEDFACE_ws/esp32_firmware_ws/firmware/toolchain/espressif/python_env/idf4.1_py3.10_env/lib/python3.10/site-packages/colcon_core/task/python/colcon_distutils_commands:/home/satoimo/LEDFACE_ws/esp32_firmware_ws/firmware/mcu_ws/install/lib/python3.10/site-packages:/home/satoimo/LEDFACE_ws/esp32_firmware_ws/firmware/mcu_ws/install/lib/python3.10/site-packages:${PYTHONPATH} /home/satoimo/LEDFACE_ws/esp32_firmware_ws/firmware/toolchain/espressif/python_env/idf4.1_py3.10_env/bin/python -W ignore:setup.py install is deprecated -W ignore:easy_install command is deprecated setup.py egg_info --egg-base ../../../build/ros2trace build --build-base /home/satoimo/LEDFACE_ws/esp32_firmware_ws/firmware/mcu_ws/build/ros2trace/build install --record /home/satoimo/LEDFACE_ws/esp32_firmware_ws/firmware/mcu_ws/build/ros2trace/install.log --single-version-externally-managed install_data
[1.080s] /home/satoimo/LEDFACE_ws/esp32_firmware_ws/firmware/toolchain/espressif/python_env/idf4.1_py3.10_env/lib/python3.10/site-packages/setuptools/_distutils/dist.py:289: UserWarning: Unknown distribution option: 'tests_require'
[1.083s]   warnings.warn(msg)
[1.167s] running egg_info
[1.176s] writing ../../../build/ros2trace/ros2trace.egg-info/PKG-INFO
[1.177s] writing dependency_links to ../../../build/ros2trace/ros2trace.egg-info/dependency_links.txt
[1.177s] writing entry points to ../../../build/ros2trace/ros2trace.egg-info/entry_points.txt
[1.177s] writing requirements to ../../../build/ros2trace/ros2trace.egg-info/requires.txt
[1.178s] writing top-level names to ../../../build/ros2trace/ros2trace.egg-info/top_level.txt
[1.197s] reading manifest file '../../../build/ros2trace/ros2trace.egg-info/SOURCES.txt'
[1.199s] writing manifest file '../../../build/ros2trace/ros2trace.egg-info/SOURCES.txt'
[1.199s] running build
[1.200s] running build_py
[1.200s] copying ros2trace/__init__.py -> /home/satoimo/LEDFACE_ws/esp32_firmware_ws/firmware/mcu_ws/build/ros2trace/build/lib/ros2trace
[1.200s] copying ros2trace/api/__init__.py -> /home/satoimo/LEDFACE_ws/esp32_firmware_ws/firmware/mcu_ws/build/ros2trace/build/lib/ros2trace/api
[1.201s] copying ros2trace/command/__init__.py -> /home/satoimo/LEDFACE_ws/esp32_firmware_ws/firmware/mcu_ws/build/ros2trace/build/lib/ros2trace/command
[1.201s] copying ros2trace/command/trace.py -> /home/satoimo/LEDFACE_ws/esp32_firmware_ws/firmware/mcu_ws/build/ros2trace/build/lib/ros2trace/command
[1.202s] running install
[1.208s] running install_lib
[1.217s] running install_data
[1.217s] copying package.xml -> /home/satoimo/LEDFACE_ws/esp32_firmware_ws/firmware/mcu_ws/install/share/ros2trace
[1.218s] copying resource/ros2trace -> /home/satoimo/LEDFACE_ws/esp32_firmware_ws/firmware/mcu_ws/install/share/ament_index/resource_index/packages
[1.218s] running install_egg_info
[1.227s] removing '/home/satoimo/LEDFACE_ws/esp32_firmware_ws/firmware/mcu_ws/install/lib/python3.10/site-packages/ros2trace-4.1.1-py3.10.egg-info' (and everything under it)
[1.227s] Copying ../../../build/ros2trace/ros2trace.egg-info to /home/satoimo/LEDFACE_ws/esp32_firmware_ws/firmware/mcu_ws/install/lib/python3.10/site-packages/ros2trace-4.1.1-py3.10.egg-info
[1.229s] running install_scripts
[1.280s] writing list of installed files to '/home/satoimo/LEDFACE_ws/esp32_firmware_ws/firmware/mcu_ws/build/ros2trace/install.log'
[1.338s] Invoked command in '/home/satoimo/LEDFACE_ws/esp32_firmware_ws/firmware/mcu_ws/uros/tracetools/ros2trace' returned '0': AMENT_PREFIX_PATH=/home/satoimo/LEDFACE_ws/esp32_firmware_ws/firmware/mcu_ws/install:${AMENT_PREFIX_PATH} CMAKE_PREFIX_PATH=/home/satoimo/LEDFACE_ws/esp32_firmware_ws/firmware/mcu_ws/install:${CMAKE_PREFIX_PATH} PATH=/home/satoimo/LEDFACE_ws/esp32_firmware_ws/firmware/mcu_ws/install/bin:${PATH} PYTHONPATH=/home/satoimo/LEDFACE_ws/esp32_firmware_ws/firmware/mcu_ws/build/ros2trace/prefix_override:/home/satoimo/LEDFACE_ws/esp32_firmware_ws/firmware/toolchain/espressif/python_env/idf4.1_py3.10_env/lib/python3.10/site-packages/colcon_core/task/python/colcon_distutils_commands:/home/satoimo/LEDFACE_ws/esp32_firmware_ws/firmware/mcu_ws/install/lib/python3.10/site-packages:/home/satoimo/LEDFACE_ws/esp32_firmware_ws/firmware/mcu_ws/install/lib/python3.10/site-packages:${PYTHONPATH} /home/satoimo/LEDFACE_ws/esp32_firmware_ws/firmware/toolchain/espressif/python_env/idf4.1_py3.10_env/bin/python -W ignore:setup.py install is deprecated -W ignore:easy_install command is deprecated setup.py egg_info --egg-base ../../../build/ros2trace build --build-base /home/satoimo/LEDFACE_ws/esp32_firmware_ws/firmware/mcu_ws/build/ros2trace/build install --record /home/satoimo/LEDFACE_ws/esp32_firmware_ws/firmware/mcu_ws/build/ros2trace/install.log --single-version-externally-managed install_data
