[0.169s] Invoking command in '/home/satoimo/LEDFACE_ws/esp32_firmware_ws/firmware/mcu_ws/build/tracetools': CMAKE_PREFIX_PATH=${CMAKE_PREFIX_PATH}:/home/satoimo/LEDFACE_ws/esp32_firmware_ws/firmware/dev_ws/install/ament_uncrustify:/home/satoimo/LEDFACE_ws/esp32_firmware_ws/firmware/dev_ws/install/domain_coordinator:/home/satoimo/LEDFACE_ws/esp32_firmware_ws/firmware/dev_ws/install/ament_xmllint:/home/satoimo/LEDFACE_ws/esp32_firmware_ws/firmware/dev_ws/install/ament_pyflakes:/home/satoimo/LEDFACE_ws/esp32_firmware_ws/firmware/dev_ws/install/ament_pycodestyle:/home/satoimo/LEDFACE_ws/esp32_firmware_ws/firmware/dev_ws/install/ament_pep257:/home/satoimo/LEDFACE_ws/esp32_firmware_ws/firmware/dev_ws/install/ament_pclint:/home/satoimo/LEDFACE_ws/esp32_firmware_ws/firmware/dev_ws/install/ament_package:/home/satoimo/LEDFACE_ws/esp32_firmware_ws/firmware/dev_ws/install/ament_mypy:/home/satoimo/LEDFACE_ws/esp32_firmware_ws/firmware/dev_ws/install/ament_lint_cmake:/home/satoimo/LEDFACE_ws/esp32_firmware_ws/firmware/dev_ws/install/ament_flake8:/home/satoimo/LEDFACE_ws/esp32_firmware_ws/firmware/dev_ws/install/ament_copyright:/home/satoimo/LEDFACE_ws/esp32_firmware_ws/firmware/dev_ws/install/ament_lint:/home/satoimo/LEDFACE_ws/esp32_firmware_ws/firmware/dev_ws/install/ament_index_python:/home/satoimo/LEDFACE_ws/esp32_firmware_ws/firmware/dev_ws/install/ament_cpplint:/home/satoimo/LEDFACE_ws/esp32_firmware_ws/firmware/dev_ws/install/ament_cppcheck:/home/satoimo/LEDFACE_ws/esp32_firmware_ws/firmware/dev_ws/install/ament_clang_tidy:/home/satoimo/LEDFACE_ws/esp32_firmware_ws/firmware/dev_ws/install/ament_clang_format /usr/bin/cmake --build /home/satoimo/LEDFACE_ws/esp32_firmware_ws/firmware/mcu_ws/build/tracetools -- -j16 -l16
[0.649s] gmake[4]: Entering directory '/home/satoimo/LEDFACE_ws/esp32_firmware_ws/firmware/mcu_ws/build/tracetools'
[0.649s] /usr/bin/cmake -S/home/satoimo/LEDFACE_ws/esp32_firmware_ws/firmware/mcu_ws/uros/tracetools/tracetools -B/home/satoimo/LEDFACE_ws/esp32_firmware_ws/firmware/mcu_ws/build/tracetools --check-build-system CMakeFiles/Makefile.cmake 0
[0.649s] Re-run cmake file: Makefile older than: /home/satoimo/LEDFACE_ws/esp32_firmware_ws/firmware/freertos_apps/microros_esp32_extensions/esp32_toolchain.cmake
[0.649s] -- Found ament_cmake_ros: 0.10.0 (/home/satoimo/LEDFACE_ws/esp32_firmware_ws/firmware/dev_ws/install/ament_cmake_ros/share/ament_cmake_ros/cmake)
[0.649s] -- Configuring done
[0.649s] -- Generating done
[0.649s] -- Build files have been written to: /home/satoimo/LEDFACE_ws/esp32_firmware_ws/firmware/mcu_ws/build/tracetools
[0.649s] /usr/bin/cmake -E cmake_progress_start /home/satoimo/LEDFACE_ws/esp32_firmware_ws/firmware/mcu_ws/build/tracetools/CMakeFiles /home/satoimo/LEDFACE_ws/esp32_firmware_ws/firmware/mcu_ws/build/tracetools//CMakeFiles/progress.marks
[0.650s] /usr/bin/gmake  -f CMakeFiles/Makefile2 all
[0.650s] gmake[5]: Entering directory '/home/satoimo/LEDFACE_ws/esp32_firmware_ws/firmware/mcu_ws/build/tracetools'
[0.650s] gmake[5]: Nothing to be done for 'all'.
[0.650s] gmake[5]: Leaving directory '/home/satoimo/LEDFACE_ws/esp32_firmware_ws/firmware/mcu_ws/build/tracetools'
[0.650s] /usr/bin/cmake -E cmake_progress_start /home/satoimo/LEDFACE_ws/esp32_firmware_ws/firmware/mcu_ws/build/tracetools/CMakeFiles 0
[0.650s] gmake[4]: Leaving directory '/home/satoimo/LEDFACE_ws/esp32_firmware_ws/firmware/mcu_ws/build/tracetools'
[0.667s] Invoked command in '/home/satoimo/LEDFACE_ws/esp32_firmware_ws/firmware/mcu_ws/build/tracetools' returned '0': CMAKE_PREFIX_PATH=${CMAKE_PREFIX_PATH}:/home/satoimo/LEDFACE_ws/esp32_firmware_ws/firmware/dev_ws/install/ament_uncrustify:/home/satoimo/LEDFACE_ws/esp32_firmware_ws/firmware/dev_ws/install/domain_coordinator:/home/satoimo/LEDFACE_ws/esp32_firmware_ws/firmware/dev_ws/install/ament_xmllint:/home/satoimo/LEDFACE_ws/esp32_firmware_ws/firmware/dev_ws/install/ament_pyflakes:/home/satoimo/LEDFACE_ws/esp32_firmware_ws/firmware/dev_ws/install/ament_pycodestyle:/home/satoimo/LEDFACE_ws/esp32_firmware_ws/firmware/dev_ws/install/ament_pep257:/home/satoimo/LEDFACE_ws/esp32_firmware_ws/firmware/dev_ws/install/ament_pclint:/home/satoimo/LEDFACE_ws/esp32_firmware_ws/firmware/dev_ws/install/ament_package:/home/satoimo/LEDFACE_ws/esp32_firmware_ws/firmware/dev_ws/install/ament_mypy:/home/satoimo/LEDFACE_ws/esp32_firmware_ws/firmware/dev_ws/install/ament_lint_cmake:/home/satoimo/LEDFACE_ws/esp32_firmware_ws/firmware/dev_ws/install/ament_flake8:/home/satoimo/LEDFACE_ws/esp32_firmware_ws/firmware/dev_ws/install/ament_copyright:/home/satoimo/LEDFACE_ws/esp32_firmware_ws/firmware/dev_ws/install/ament_lint:/home/satoimo/LEDFACE_ws/esp32_firmware_ws/firmware/dev_ws/install/ament_index_python:/home/satoimo/LEDFACE_ws/esp32_firmware_ws/firmware/dev_ws/install/ament_cpplint:/home/satoimo/LEDFACE_ws/esp32_firmware_ws/firmware/dev_ws/install/ament_cppcheck:/home/satoimo/LEDFACE_ws/esp32_firmware_ws/firmware/dev_ws/install/ament_clang_tidy:/home/satoimo/LEDFACE_ws/esp32_firmware_ws/firmware/dev_ws/install/ament_clang_format /usr/bin/cmake --build /home/satoimo/LEDFACE_ws/esp32_firmware_ws/firmware/mcu_ws/build/tracetools -- -j16 -l16
[0.703s] Invoking command in '/home/satoimo/LEDFACE_ws/esp32_firmware_ws/firmware/mcu_ws/build/tracetools': CMAKE_PREFIX_PATH=${CMAKE_PREFIX_PATH}:/home/satoimo/LEDFACE_ws/esp32_firmware_ws/firmware/dev_ws/install/ament_uncrustify:/home/satoimo/LEDFACE_ws/esp32_firmware_ws/firmware/dev_ws/install/domain_coordinator:/home/satoimo/LEDFACE_ws/esp32_firmware_ws/firmware/dev_ws/install/ament_xmllint:/home/satoimo/LEDFACE_ws/esp32_firmware_ws/firmware/dev_ws/install/ament_pyflakes:/home/satoimo/LEDFACE_ws/esp32_firmware_ws/firmware/dev_ws/install/ament_pycodestyle:/home/satoimo/LEDFACE_ws/esp32_firmware_ws/firmware/dev_ws/install/ament_pep257:/home/satoimo/LEDFACE_ws/esp32_firmware_ws/firmware/dev_ws/install/ament_pclint:/home/satoimo/LEDFACE_ws/esp32_firmware_ws/firmware/dev_ws/install/ament_package:/home/satoimo/LEDFACE_ws/esp32_firmware_ws/firmware/dev_ws/install/ament_mypy:/home/satoimo/LEDFACE_ws/esp32_firmware_ws/firmware/dev_ws/install/ament_lint_cmake:/home/satoimo/LEDFACE_ws/esp32_firmware_ws/firmware/dev_ws/install/ament_flake8:/home/satoimo/LEDFACE_ws/esp32_firmware_ws/firmware/dev_ws/install/ament_copyright:/home/satoimo/LEDFACE_ws/esp32_firmware_ws/firmware/dev_ws/install/ament_lint:/home/satoimo/LEDFACE_ws/esp32_firmware_ws/firmware/dev_ws/install/ament_index_python:/home/satoimo/LEDFACE_ws/esp32_firmware_ws/firmware/dev_ws/install/ament_cpplint:/home/satoimo/LEDFACE_ws/esp32_firmware_ws/firmware/dev_ws/install/ament_cppcheck:/home/satoimo/LEDFACE_ws/esp32_firmware_ws/firmware/dev_ws/install/ament_clang_tidy:/home/satoimo/LEDFACE_ws/esp32_firmware_ws/firmware/dev_ws/install/ament_clang_format /usr/bin/cmake --install /home/satoimo/LEDFACE_ws/esp32_firmware_ws/firmware/mcu_ws/build/tracetools
[0.769s] -- Install configuration: "Debug"
[0.769s] -- Up-to-date: /home/satoimo/LEDFACE_ws/esp32_firmware_ws/firmware/mcu_ws/install/include/tracetools
[0.769s] -- Up-to-date: /home/satoimo/LEDFACE_ws/esp32_firmware_ws/firmware/mcu_ws/install/include/tracetools/tracetools
[0.769s] -- Up-to-date: /home/satoimo/LEDFACE_ws/esp32_firmware_ws/firmware/mcu_ws/install/include/tracetools/tracetools/visibility_control.hpp
[0.769s] -- Up-to-date: /home/satoimo/LEDFACE_ws/esp32_firmware_ws/firmware/mcu_ws/install/include/tracetools/tracetools/tracetools.h
[0.769s] -- Up-to-date: /home/satoimo/LEDFACE_ws/esp32_firmware_ws/firmware/mcu_ws/install/include/tracetools/tracetools/utils.hpp
[0.769s] -- Up-to-date: /home/satoimo/LEDFACE_ws/esp32_firmware_ws/firmware/mcu_ws/install/include/tracetools/tracetools/config.h
[0.770s] -- Up-to-date: /home/satoimo/LEDFACE_ws/esp32_firmware_ws/firmware/mcu_ws/install/share/ament_index/resource_index/package_run_dependencies/tracetools
[0.770s] -- Up-to-date: /home/satoimo/LEDFACE_ws/esp32_firmware_ws/firmware/mcu_ws/install/share/ament_index/resource_index/parent_prefix_path/tracetools
[0.770s] -- Up-to-date: /home/satoimo/LEDFACE_ws/esp32_firmware_ws/firmware/mcu_ws/install/share/tracetools/environment/ament_prefix_path.sh
[0.770s] -- Installing: /home/satoimo/LEDFACE_ws/esp32_firmware_ws/firmware/mcu_ws/install/share/tracetools/environment/ament_prefix_path.dsv
[0.770s] -- Up-to-date: /home/satoimo/LEDFACE_ws/esp32_firmware_ws/firmware/mcu_ws/install/share/tracetools/environment/path.sh
[0.770s] -- Installing: /home/satoimo/LEDFACE_ws/esp32_firmware_ws/firmware/mcu_ws/install/share/tracetools/environment/path.dsv
[0.770s] -- Up-to-date: /home/satoimo/LEDFACE_ws/esp32_firmware_ws/firmware/mcu_ws/install/share/tracetools/local_setup.bash
[0.771s] -- Up-to-date: /home/satoimo/LEDFACE_ws/esp32_firmware_ws/firmware/mcu_ws/install/share/tracetools/local_setup.sh
[0.771s] -- Up-to-date: /home/satoimo/LEDFACE_ws/esp32_firmware_ws/firmware/mcu_ws/install/share/tracetools/local_setup.zsh
[0.771s] -- Installing: /home/satoimo/LEDFACE_ws/esp32_firmware_ws/firmware/mcu_ws/install/share/tracetools/local_setup.dsv
[0.771s] -- Installing: /home/satoimo/LEDFACE_ws/esp32_firmware_ws/firmware/mcu_ws/install/share/tracetools/package.dsv
[0.771s] -- Up-to-date: /home/satoimo/LEDFACE_ws/esp32_firmware_ws/firmware/mcu_ws/install/share/ament_index/resource_index/packages/tracetools
[0.771s] -- Up-to-date: /home/satoimo/LEDFACE_ws/esp32_firmware_ws/firmware/mcu_ws/install/share/tracetools/cmake/tracetools_exportExport.cmake
[0.771s] -- Up-to-date: /home/satoimo/LEDFACE_ws/esp32_firmware_ws/firmware/mcu_ws/install/share/tracetools/cmake/ament_cmake_export_targets-extras.cmake
[0.771s] -- Up-to-date: /home/satoimo/LEDFACE_ws/esp32_firmware_ws/firmware/mcu_ws/install/share/tracetools/cmake/ament_cmake_export_include_directories-extras.cmake
[0.772s] -- Up-to-date: /home/satoimo/LEDFACE_ws/esp32_firmware_ws/firmware/mcu_ws/install/share/tracetools/cmake/tracetoolsConfig.cmake
[0.775s] -- Up-to-date: /home/satoimo/LEDFACE_ws/esp32_firmware_ws/firmware/mcu_ws/install/share/tracetools/cmake/tracetoolsConfig-version.cmake
[0.776s] -- Up-to-date: /home/satoimo/LEDFACE_ws/esp32_firmware_ws/firmware/mcu_ws/install/share/tracetools/package.xml
[0.810s] Invoked command in '/home/satoimo/LEDFACE_ws/esp32_firmware_ws/firmware/mcu_ws/build/tracetools' returned '0': CMAKE_PREFIX_PATH=${CMAKE_PREFIX_PATH}:/home/satoimo/LEDFACE_ws/esp32_firmware_ws/firmware/dev_ws/install/ament_uncrustify:/home/satoimo/LEDFACE_ws/esp32_firmware_ws/firmware/dev_ws/install/domain_coordinator:/home/satoimo/LEDFACE_ws/esp32_firmware_ws/firmware/dev_ws/install/ament_xmllint:/home/satoimo/LEDFACE_ws/esp32_firmware_ws/firmware/dev_ws/install/ament_pyflakes:/home/satoimo/LEDFACE_ws/esp32_firmware_ws/firmware/dev_ws/install/ament_pycodestyle:/home/satoimo/LEDFACE_ws/esp32_firmware_ws/firmware/dev_ws/install/ament_pep257:/home/satoimo/LEDFACE_ws/esp32_firmware_ws/firmware/dev_ws/install/ament_pclint:/home/satoimo/LEDFACE_ws/esp32_firmware_ws/firmware/dev_ws/install/ament_package:/home/satoimo/LEDFACE_ws/esp32_firmware_ws/firmware/dev_ws/install/ament_mypy:/home/satoimo/LEDFACE_ws/esp32_firmware_ws/firmware/dev_ws/install/ament_lint_cmake:/home/satoimo/LEDFACE_ws/esp32_firmware_ws/firmware/dev_ws/install/ament_flake8:/home/satoimo/LEDFACE_ws/esp32_firmware_ws/firmware/dev_ws/install/ament_copyright:/home/satoimo/LEDFACE_ws/esp32_firmware_ws/firmware/dev_ws/install/ament_lint:/home/satoimo/LEDFACE_ws/esp32_firmware_ws/firmware/dev_ws/install/ament_index_python:/home/satoimo/LEDFACE_ws/esp32_firmware_ws/firmware/dev_ws/install/ament_cpplint:/home/satoimo/LEDFACE_ws/esp32_firmware_ws/firmware/dev_ws/install/ament_cppcheck:/home/satoimo/LEDFACE_ws/esp32_firmware_ws/firmware/dev_ws/install/ament_clang_tidy:/home/satoimo/LEDFACE_ws/esp32_firmware_ws/firmware/dev_ws/install/ament_clang_format /usr/bin/cmake --install /home/satoimo/LEDFACE_ws/esp32_firmware_ws/firmware/mcu_ws/build/tracetools
