[1.302s] Invoking command in '/home/satoimo/LEDFACE_ws/esp32_firmware_ws/firmware/mcu_ws/ros2/rosidl/rosidl_cli': PYTHONPATH=/home/satoimo/LEDFACE_ws/esp32_firmware_ws/firmware/mcu_ws/build/rosidl_cli/prefix_override:/home/satoimo/LEDFACE_ws/esp32_firmware_ws/firmware/toolchain/espressif/python_env/idf4.1_py3.10_env/lib/python3.10/site-packages/colcon_core/task/python/colcon_distutils_commands:/home/satoimo/LEDFACE_ws/esp32_firmware_ws/firmware/mcu_ws/install/lib/python3.10/site-packages:${PYTHONPATH} /home/satoimo/LEDFACE_ws/esp32_firmware_ws/firmware/toolchain/espressif/python_env/idf4.1_py3.10_env/bin/python -W ignore:setup.py install is deprecated -W ignore:easy_install command is deprecated setup.py egg_info --egg-base ../../../build/rosidl_cli build --build-base /home/satoimo/LEDFACE_ws/esp32_firmware_ws/firmware/mcu_ws/build/rosidl_cli/build install --record /home/satoimo/LEDFACE_ws/esp32_firmware_ws/firmware/mcu_ws/build/rosidl_cli/install.log --single-version-externally-managed install_data
[1.546s] /home/satoimo/LEDFACE_ws/esp32_firmware_ws/firmware/toolchain/espressif/python_env/idf4.1_py3.10_env/lib/python3.10/site-packages/setuptools/_distutils/dist.py:289: UserWarning: Unknown distribution option: 'tests_require'
[1.547s]   warnings.warn(msg)
[1.561s] /home/satoimo/LEDFACE_ws/esp32_firmware_ws/firmware/toolchain/espressif/python_env/idf4.1_py3.10_env/lib/python3.10/site-packages/setuptools/dist.py:759: SetuptoolsDeprecationWarning: License classifiers are deprecated.
[1.561s] !!
[1.561s] 
[1.561s]         ********************************************************************************
[1.561s]         Please consider removing the following classifiers in favor of a SPDX license expression:
[1.562s] 
[1.562s]         License :: OSI Approved :: Apache Software License
[1.562s] 
[1.562s]         See https://packaging.python.org/en/latest/guides/writing-pyproject-toml/#license for details.
[1.562s]         ********************************************************************************
[1.562s] 
[1.562s] !!
[1.562s]   self._finalize_license_expression()
[1.592s] running egg_info
[1.600s] creating ../../../build/rosidl_cli/rosidl_cli.egg-info
[1.600s] writing ../../../build/rosidl_cli/rosidl_cli.egg-info/PKG-INFO
[1.601s] writing dependency_links to ../../../build/rosidl_cli/rosidl_cli.egg-info/dependency_links.txt
[1.602s] writing entry points to ../../../build/rosidl_cli/rosidl_cli.egg-info/entry_points.txt
[1.602s] writing requirements to ../../../build/rosidl_cli/rosidl_cli.egg-info/requires.txt
[1.602s] writing top-level names to ../../../build/rosidl_cli/rosidl_cli.egg-info/top_level.txt
[1.603s] writing manifest file '../../../build/rosidl_cli/rosidl_cli.egg-info/SOURCES.txt'
[1.624s] reading manifest file '../../../build/rosidl_cli/rosidl_cli.egg-info/SOURCES.txt'
[1.626s] writing manifest file '../../../build/rosidl_cli/rosidl_cli.egg-info/SOURCES.txt'
[1.626s] running build
[1.626s] running build_py
[1.626s] creating /home/satoimo/LEDFACE_ws/esp32_firmware_ws/firmware/mcu_ws/build/rosidl_cli/build/lib/rosidl_cli
[1.627s] copying rosidl_cli/cli.py -> /home/satoimo/LEDFACE_ws/esp32_firmware_ws/firmware/mcu_ws/build/rosidl_cli/build/lib/rosidl_cli
[1.627s] copying rosidl_cli/common.py -> /home/satoimo/LEDFACE_ws/esp32_firmware_ws/firmware/mcu_ws/build/rosidl_cli/build/lib/rosidl_cli
[1.627s] copying rosidl_cli/entry_points.py -> /home/satoimo/LEDFACE_ws/esp32_firmware_ws/firmware/mcu_ws/build/rosidl_cli/build/lib/rosidl_cli
[1.628s] copying rosidl_cli/__init__.py -> /home/satoimo/LEDFACE_ws/esp32_firmware_ws/firmware/mcu_ws/build/rosidl_cli/build/lib/rosidl_cli
[1.628s] copying rosidl_cli/extensions.py -> /home/satoimo/LEDFACE_ws/esp32_firmware_ws/firmware/mcu_ws/build/rosidl_cli/build/lib/rosidl_cli
[1.629s] creating /home/satoimo/LEDFACE_ws/esp32_firmware_ws/firmware/mcu_ws/build/rosidl_cli/build/lib/rosidl_cli/command
[1.629s] copying rosidl_cli/command/helpers.py -> /home/satoimo/LEDFACE_ws/esp32_firmware_ws/firmware/mcu_ws/build/rosidl_cli/build/lib/rosidl_cli/command
[1.629s] copying rosidl_cli/command/__init__.py -> /home/satoimo/LEDFACE_ws/esp32_firmware_ws/firmware/mcu_ws/build/rosidl_cli/build/lib/rosidl_cli/command
[1.629s] creating /home/satoimo/LEDFACE_ws/esp32_firmware_ws/firmware/mcu_ws/build/rosidl_cli/build/lib/rosidl_cli/command/generate
[1.630s] copying rosidl_cli/command/generate/api.py -> /home/satoimo/LEDFACE_ws/esp32_firmware_ws/firmware/mcu_ws/build/rosidl_cli/build/lib/rosidl_cli/command/generate
[1.630s] copying rosidl_cli/command/generate/__init__.py -> /home/satoimo/LEDFACE_ws/esp32_firmware_ws/firmware/mcu_ws/build/rosidl_cli/build/lib/rosidl_cli/command/generate
[1.630s] copying rosidl_cli/command/generate/extensions.py -> /home/satoimo/LEDFACE_ws/esp32_firmware_ws/firmware/mcu_ws/build/rosidl_cli/build/lib/rosidl_cli/command/generate
[1.630s] creating /home/satoimo/LEDFACE_ws/esp32_firmware_ws/firmware/mcu_ws/build/rosidl_cli/build/lib/rosidl_cli/command/translate
[1.631s] copying rosidl_cli/command/translate/api.py -> /home/satoimo/LEDFACE_ws/esp32_firmware_ws/firmware/mcu_ws/build/rosidl_cli/build/lib/rosidl_cli/command/translate
[1.631s] copying rosidl_cli/command/translate/__init__.py -> /home/satoimo/LEDFACE_ws/esp32_firmware_ws/firmware/mcu_ws/build/rosidl_cli/build/lib/rosidl_cli/command/translate
[1.631s] copying rosidl_cli/command/translate/extensions.py -> /home/satoimo/LEDFACE_ws/esp32_firmware_ws/firmware/mcu_ws/build/rosidl_cli/build/lib/rosidl_cli/command/translate
[1.632s] running install
[1.637s] running install_lib
[1.652s] creating /home/satoimo/LEDFACE_ws/esp32_firmware_ws/firmware/mcu_ws/install/lib/python3.10/site-packages/rosidl_cli
[1.652s] copying /home/satoimo/LEDFACE_ws/esp32_firmware_ws/firmware/mcu_ws/build/rosidl_cli/build/lib/rosidl_cli/cli.py -> /home/satoimo/LEDFACE_ws/esp32_firmware_ws/firmware/mcu_ws/install/lib/python3.10/site-packages/rosidl_cli
[1.652s] copying /home/satoimo/LEDFACE_ws/esp32_firmware_ws/firmware/mcu_ws/build/rosidl_cli/build/lib/rosidl_cli/common.py -> /home/satoimo/LEDFACE_ws/esp32_firmware_ws/firmware/mcu_ws/install/lib/python3.10/site-packages/rosidl_cli
[1.652s] copying /home/satoimo/LEDFACE_ws/esp32_firmware_ws/firmware/mcu_ws/build/rosidl_cli/build/lib/rosidl_cli/entry_points.py -> /home/satoimo/LEDFACE_ws/esp32_firmware_ws/firmware/mcu_ws/install/lib/python3.10/site-packages/rosidl_cli
[1.652s] creating /home/satoimo/LEDFACE_ws/esp32_firmware_ws/firmware/mcu_ws/install/lib/python3.10/site-packages/rosidl_cli/command
[1.652s] creating /home/satoimo/LEDFACE_ws/esp32_firmware_ws/firmware/mcu_ws/install/lib/python3.10/site-packages/rosidl_cli/command/generate
[1.652s] copying /home/satoimo/LEDFACE_ws/esp32_firmware_ws/firmware/mcu_ws/build/rosidl_cli/build/lib/rosidl_cli/command/generate/api.py -> /home/satoimo/LEDFACE_ws/esp32_firmware_ws/firmware/mcu_ws/install/lib/python3.10/site-packages/rosidl_cli/command/generate
[1.653s] copying /home/satoimo/LEDFACE_ws/esp32_firmware_ws/firmware/mcu_ws/build/rosidl_cli/build/lib/rosidl_cli/command/generate/__init__.py -> /home/satoimo/LEDFACE_ws/esp32_firmware_ws/firmware/mcu_ws/install/lib/python3.10/site-packages/rosidl_cli/command/generate
[1.653s] copying /home/satoimo/LEDFACE_ws/esp32_firmware_ws/firmware/mcu_ws/build/rosidl_cli/build/lib/rosidl_cli/command/generate/extensions.py -> /home/satoimo/LEDFACE_ws/esp32_firmware_ws/firmware/mcu_ws/install/lib/python3.10/site-packages/rosidl_cli/command/generate
[1.653s] creating /home/satoimo/LEDFACE_ws/esp32_firmware_ws/firmware/mcu_ws/install/lib/python3.10/site-packages/rosidl_cli/command/translate
[1.653s] copying /home/satoimo/LEDFACE_ws/esp32_firmware_ws/firmware/mcu_ws/build/rosidl_cli/build/lib/rosidl_cli/command/translate/api.py -> /home/satoimo/LEDFACE_ws/esp32_firmware_ws/firmware/mcu_ws/install/lib/python3.10/site-packages/rosidl_cli/command/translate
[1.653s] copying /home/satoimo/LEDFACE_ws/esp32_firmware_ws/firmware/mcu_ws/build/rosidl_cli/build/lib/rosidl_cli/command/translate/__init__.py -> /home/satoimo/LEDFACE_ws/esp32_firmware_ws/firmware/mcu_ws/install/lib/python3.10/site-packages/rosidl_cli/command/translate
[1.653s] copying /home/satoimo/LEDFACE_ws/esp32_firmware_ws/firmware/mcu_ws/build/rosidl_cli/build/lib/rosidl_cli/command/translate/extensions.py -> /home/satoimo/LEDFACE_ws/esp32_firmware_ws/firmware/mcu_ws/install/lib/python3.10/site-packages/rosidl_cli/command/translate
[1.653s] copying /home/satoimo/LEDFACE_ws/esp32_firmware_ws/firmware/mcu_ws/build/rosidl_cli/build/lib/rosidl_cli/command/helpers.py -> /home/satoimo/LEDFACE_ws/esp32_firmware_ws/firmware/mcu_ws/install/lib/python3.10/site-packages/rosidl_cli/command
[1.653s] copying /home/satoimo/LEDFACE_ws/esp32_firmware_ws/firmware/mcu_ws/build/rosidl_cli/build/lib/rosidl_cli/command/__init__.py -> /home/satoimo/LEDFACE_ws/esp32_firmware_ws/firmware/mcu_ws/install/lib/python3.10/site-packages/rosidl_cli/command
[1.653s] copying /home/satoimo/LEDFACE_ws/esp32_firmware_ws/firmware/mcu_ws/build/rosidl_cli/build/lib/rosidl_cli/__init__.py -> /home/satoimo/LEDFACE_ws/esp32_firmware_ws/firmware/mcu_ws/install/lib/python3.10/site-packages/rosidl_cli
[1.653s] copying /home/satoimo/LEDFACE_ws/esp32_firmware_ws/firmware/mcu_ws/build/rosidl_cli/build/lib/rosidl_cli/extensions.py -> /home/satoimo/LEDFACE_ws/esp32_firmware_ws/firmware/mcu_ws/install/lib/python3.10/site-packages/rosidl_cli
[1.654s] byte-compiling /home/satoimo/LEDFACE_ws/esp32_firmware_ws/firmware/mcu_ws/install/lib/python3.10/site-packages/rosidl_cli/cli.py to cli.cpython-310.pyc
[1.657s] byte-compiling /home/satoimo/LEDFACE_ws/esp32_firmware_ws/firmware/mcu_ws/install/lib/python3.10/site-packages/rosidl_cli/common.py to common.cpython-310.pyc
[1.657s] byte-compiling /home/satoimo/LEDFACE_ws/esp32_firmware_ws/firmware/mcu_ws/install/lib/python3.10/site-packages/rosidl_cli/entry_points.py to entry_points.cpython-310.pyc
[1.658s] byte-compiling /home/satoimo/LEDFACE_ws/esp32_firmware_ws/firmware/mcu_ws/install/lib/python3.10/site-packages/rosidl_cli/command/generate/api.py to api.cpython-310.pyc
[1.658s] byte-compiling /home/satoimo/LEDFACE_ws/esp32_firmware_ws/firmware/mcu_ws/install/lib/python3.10/site-packages/rosidl_cli/command/generate/__init__.py to __init__.cpython-310.pyc
[1.661s] byte-compiling /home/satoimo/LEDFACE_ws/esp32_firmware_ws/firmware/mcu_ws/install/lib/python3.10/site-packages/rosidl_cli/command/generate/extensions.py to extensions.cpython-310.pyc
[1.662s] byte-compiling /home/satoimo/LEDFACE_ws/esp32_firmware_ws/firmware/mcu_ws/install/lib/python3.10/site-packages/rosidl_cli/command/translate/api.py to api.cpython-310.pyc
[1.663s] byte-compiling /home/satoimo/LEDFACE_ws/esp32_firmware_ws/firmware/mcu_ws/install/lib/python3.10/site-packages/rosidl_cli/command/translate/__init__.py to __init__.cpython-310.pyc
[1.665s] byte-compiling /home/satoimo/LEDFACE_ws/esp32_firmware_ws/firmware/mcu_ws/install/lib/python3.10/site-packages/rosidl_cli/command/translate/extensions.py to extensions.cpython-310.pyc
[1.668s] byte-compiling /home/satoimo/LEDFACE_ws/esp32_firmware_ws/firmware/mcu_ws/install/lib/python3.10/site-packages/rosidl_cli/command/helpers.py to helpers.cpython-310.pyc
[1.668s] byte-compiling /home/satoimo/LEDFACE_ws/esp32_firmware_ws/firmware/mcu_ws/install/lib/python3.10/site-packages/rosidl_cli/command/__init__.py to __init__.cpython-310.pyc
[1.670s] byte-compiling /home/satoimo/LEDFACE_ws/esp32_firmware_ws/firmware/mcu_ws/install/lib/python3.10/site-packages/rosidl_cli/__init__.py to __init__.cpython-310.pyc
[1.672s] byte-compiling /home/satoimo/LEDFACE_ws/esp32_firmware_ws/firmware/mcu_ws/install/lib/python3.10/site-packages/rosidl_cli/extensions.py to extensions.cpython-310.pyc
[1.674s] running install_data
[1.675s] copying resource/rosidl_cli -> /home/satoimo/LEDFACE_ws/esp32_firmware_ws/firmware/mcu_ws/install/share/ament_index/resource_index/packages
[1.676s] copying package.xml -> /home/satoimo/LEDFACE_ws/esp32_firmware_ws/firmware/mcu_ws/install/share/rosidl_cli
[1.676s] copying resource/package.dsv -> /home/satoimo/LEDFACE_ws/esp32_firmware_ws/firmware/mcu_ws/install/share/rosidl_cli
[1.677s] creating /home/satoimo/LEDFACE_ws/esp32_firmware_ws/firmware/mcu_ws/install/share/rosidl_cli/environment
[1.677s] copying completion/rosidl-argcomplete.bash -> /home/satoimo/LEDFACE_ws/esp32_firmware_ws/firmware/mcu_ws/install/share/rosidl_cli/environment
[1.678s] copying completion/rosidl-argcomplete.zsh -> /home/satoimo/LEDFACE_ws/esp32_firmware_ws/firmware/mcu_ws/install/share/rosidl_cli/environment
[1.678s] running install_egg_info
[1.697s] Copying ../../../build/rosidl_cli/rosidl_cli.egg-info to /home/satoimo/LEDFACE_ws/esp32_firmware_ws/firmware/mcu_ws/install/lib/python3.10/site-packages/rosidl_cli-3.1.7-py3.10.egg-info
[1.698s] running install_scripts
[1.848s] Installing rosidl script to /home/satoimo/LEDFACE_ws/esp32_firmware_ws/firmware/mcu_ws/install/bin
[1.848s] writing list of installed files to '/home/satoimo/LEDFACE_ws/esp32_firmware_ws/firmware/mcu_ws/build/rosidl_cli/install.log'
[1.966s] Invoked command in '/home/satoimo/LEDFACE_ws/esp32_firmware_ws/firmware/mcu_ws/ros2/rosidl/rosidl_cli' returned '0': PYTHONPATH=/home/satoimo/LEDFACE_ws/esp32_firmware_ws/firmware/mcu_ws/build/rosidl_cli/prefix_override:/home/satoimo/LEDFACE_ws/esp32_firmware_ws/firmware/toolchain/espressif/python_env/idf4.1_py3.10_env/lib/python3.10/site-packages/colcon_core/task/python/colcon_distutils_commands:/home/satoimo/LEDFACE_ws/esp32_firmware_ws/firmware/mcu_ws/install/lib/python3.10/site-packages:${PYTHONPATH} /home/satoimo/LEDFACE_ws/esp32_firmware_ws/firmware/toolchain/espressif/python_env/idf4.1_py3.10_env/bin/python -W ignore:setup.py install is deprecated -W ignore:easy_install command is deprecated setup.py egg_info --egg-base ../../../build/rosidl_cli build --build-base /home/satoimo/LEDFACE_ws/esp32_firmware_ws/firmware/mcu_ws/build/rosidl_cli/build install --record /home/satoimo/LEDFACE_ws/esp32_firmware_ws/firmware/mcu_ws/build/rosidl_cli/install.log --single-version-externally-managed install_data
