[0.185s] Invoking command in '/home/satoimo/LEDFACE_ws/esp32_firmware_ws/firmware/mcu_ws/build/tracetools': CMAKE_PREFIX_PATH=${CMAKE_PREFIX_PATH}:/home/satoimo/LEDFACE_ws/esp32_firmware_ws/firmware/dev_ws/install/ament_uncrustify:/home/satoimo/LEDFACE_ws/esp32_firmware_ws/firmware/dev_ws/install/domain_coordinator:/home/satoimo/LEDFACE_ws/esp32_firmware_ws/firmware/dev_ws/install/ament_xmllint:/home/satoimo/LEDFACE_ws/esp32_firmware_ws/firmware/dev_ws/install/ament_pyflakes:/home/satoimo/LEDFACE_ws/esp32_firmware_ws/firmware/dev_ws/install/ament_pycodestyle:/home/satoimo/LEDFACE_ws/esp32_firmware_ws/firmware/dev_ws/install/ament_pep257:/home/satoimo/LEDFACE_ws/esp32_firmware_ws/firmware/dev_ws/install/ament_pclint:/home/satoimo/LEDFACE_ws/esp32_firmware_ws/firmware/dev_ws/install/ament_package:/home/satoimo/LEDFACE_ws/esp32_firmware_ws/firmware/dev_ws/install/ament_mypy:/home/satoimo/LEDFACE_ws/esp32_firmware_ws/firmware/dev_ws/install/ament_lint_cmake:/home/satoimo/LEDFACE_ws/esp32_firmware_ws/firmware/dev_ws/install/ament_flake8:/home/satoimo/LEDFACE_ws/esp32_firmware_ws/firmware/dev_ws/install/ament_copyright:/home/satoimo/LEDFACE_ws/esp32_firmware_ws/firmware/dev_ws/install/ament_lint:/home/satoimo/LEDFACE_ws/esp32_firmware_ws/firmware/dev_ws/install/ament_index_python:/home/satoimo/LEDFACE_ws/esp32_firmware_ws/firmware/dev_ws/install/ament_cpplint:/home/satoimo/LEDFACE_ws/esp32_firmware_ws/firmware/dev_ws/install/ament_cppcheck:/home/satoimo/LEDFACE_ws/esp32_firmware_ws/firmware/dev_ws/install/ament_clang_tidy:/home/satoimo/LEDFACE_ws/esp32_firmware_ws/firmware/dev_ws/install/ament_clang_format /usr/bin/cmake /home/satoimo/LEDFACE_ws/esp32_firmware_ws/firmware/mcu_ws/uros/tracetools/tracetools --no-warn-unused-cli -DCMAKE_POSITION_INDEPENDENT_CODE:BOOL=OFF -DTHIRDPARTY=ON -DBUILD_SHARED_LIBS=OFF -DBUILD_TESTING=OFF -DCMAKE_BUILD_TYPE=Debug -DCMAKE_TOOLCHAIN_FILE=/home/satoimo/LEDFACE_ws/esp32_firmware_ws/firmware/freertos_apps/microros_esp32_extensions/esp32_toolchain.cmake -DCMAKE_VERBOSE_MAKEFILE=ON -DTRACETOOLS_DISABLED=ON -DTRACETOOLS_STATUS_CHECKING_TOOL=OFF -DCMAKE_INSTALL_PREFIX=/home/satoimo/LEDFACE_ws/esp32_firmware_ws/firmware/mcu_ws/install
[0.728s] Not searching for unused variables given on the command line.
[0.729s] -- The C compiler identification is GNU 8.2.0
[0.729s] -- The CXX compiler identification is GNU 8.2.0
[0.729s] -- Detecting C compiler ABI info
[0.729s] -- Detecting C compiler ABI info - done
[0.729s] -- Check for working C compiler: /home/satoimo/LEDFACE_ws/esp32_firmware_ws/firmware/toolchain/espressif/tools/xtensa-esp32-elf/esp-2020r2-8.2.0/xtensa-esp32-elf/bin/xtensa-esp32-elf-gcc - skipped
[0.729s] -- Detecting C compile features
[0.729s] -- Detecting C compile features - done
[0.729s] -- Detecting CXX compiler ABI info
[0.730s] -- Detecting CXX compiler ABI info - done
[0.730s] -- Check for working CXX compiler: /home/satoimo/LEDFACE_ws/esp32_firmware_ws/firmware/toolchain/espressif/tools/xtensa-esp32-elf/esp-2020r2-8.2.0/xtensa-esp32-elf/bin/xtensa-esp32-elf-g++ - skipped
[0.730s] -- Detecting CXX compile features
[0.730s] -- Detecting CXX compile features - done
[0.730s] -- Found ament_cmake_ros: 0.10.0 (/home/satoimo/LEDFACE_ws/esp32_firmware_ws/firmware/dev_ws/install/ament_cmake_ros/share/ament_cmake_ros/cmake)
[0.961s] -- Found Python3: /home/satoimo/LEDFACE_ws/esp32_firmware_ws/firmware/toolchain/espressif/python_env/idf4.1_py3.10_env/bin/python3 (found version "3.10.12") found components: Interpreter 
[1.336s] -- Configuring done
[1.343s] -- Generating done
[1.347s] -- Build files have been written to: /home/satoimo/LEDFACE_ws/esp32_firmware_ws/firmware/mcu_ws/build/tracetools
[1.356s] Invoked command in '/home/satoimo/LEDFACE_ws/esp32_firmware_ws/firmware/mcu_ws/build/tracetools' returned '0': CMAKE_PREFIX_PATH=${CMAKE_PREFIX_PATH}:/home/satoimo/LEDFACE_ws/esp32_firmware_ws/firmware/dev_ws/install/ament_uncrustify:/home/satoimo/LEDFACE_ws/esp32_firmware_ws/firmware/dev_ws/install/domain_coordinator:/home/satoimo/LEDFACE_ws/esp32_firmware_ws/firmware/dev_ws/install/ament_xmllint:/home/satoimo/LEDFACE_ws/esp32_firmware_ws/firmware/dev_ws/install/ament_pyflakes:/home/satoimo/LEDFACE_ws/esp32_firmware_ws/firmware/dev_ws/install/ament_pycodestyle:/home/satoimo/LEDFACE_ws/esp32_firmware_ws/firmware/dev_ws/install/ament_pep257:/home/satoimo/LEDFACE_ws/esp32_firmware_ws/firmware/dev_ws/install/ament_pclint:/home/satoimo/LEDFACE_ws/esp32_firmware_ws/firmware/dev_ws/install/ament_package:/home/satoimo/LEDFACE_ws/esp32_firmware_ws/firmware/dev_ws/install/ament_mypy:/home/satoimo/LEDFACE_ws/esp32_firmware_ws/firmware/dev_ws/install/ament_lint_cmake:/home/satoimo/LEDFACE_ws/esp32_firmware_ws/firmware/dev_ws/install/ament_flake8:/home/satoimo/LEDFACE_ws/esp32_firmware_ws/firmware/dev_ws/install/ament_copyright:/home/satoimo/LEDFACE_ws/esp32_firmware_ws/firmware/dev_ws/install/ament_lint:/home/satoimo/LEDFACE_ws/esp32_firmware_ws/firmware/dev_ws/install/ament_index_python:/home/satoimo/LEDFACE_ws/esp32_firmware_ws/firmware/dev_ws/install/ament_cpplint:/home/satoimo/LEDFACE_ws/esp32_firmware_ws/firmware/dev_ws/install/ament_cppcheck:/home/satoimo/LEDFACE_ws/esp32_firmware_ws/firmware/dev_ws/install/ament_clang_tidy:/home/satoimo/LEDFACE_ws/esp32_firmware_ws/firmware/dev_ws/install/ament_clang_format /usr/bin/cmake /home/satoimo/LEDFACE_ws/esp32_firmware_ws/firmware/mcu_ws/uros/tracetools/tracetools --no-warn-unused-cli -DCMAKE_POSITION_INDEPENDENT_CODE:BOOL=OFF -DTHIRDPARTY=ON -DBUILD_SHARED_LIBS=OFF -DBUILD_TESTING=OFF -DCMAKE_BUILD_TYPE=Debug -DCMAKE_TOOLCHAIN_FILE=/home/satoimo/LEDFACE_ws/esp32_firmware_ws/firmware/freertos_apps/microros_esp32_extensions/esp32_toolchain.cmake -DCMAKE_VERBOSE_MAKEFILE=ON -DTRACETOOLS_DISABLED=ON -DTRACETOOLS_STATUS_CHECKING_TOOL=OFF -DCMAKE_INSTALL_PREFIX=/home/satoimo/LEDFACE_ws/esp32_firmware_ws/firmware/mcu_ws/install
[1.360s] Invoking command in '/home/satoimo/LEDFACE_ws/esp32_firmware_ws/firmware/mcu_ws/build/tracetools': CMAKE_PREFIX_PATH=${CMAKE_PREFIX_PATH}:/home/satoimo/LEDFACE_ws/esp32_firmware_ws/firmware/dev_ws/install/ament_uncrustify:/home/satoimo/LEDFACE_ws/esp32_firmware_ws/firmware/dev_ws/install/domain_coordinator:/home/satoimo/LEDFACE_ws/esp32_firmware_ws/firmware/dev_ws/install/ament_xmllint:/home/satoimo/LEDFACE_ws/esp32_firmware_ws/firmware/dev_ws/install/ament_pyflakes:/home/satoimo/LEDFACE_ws/esp32_firmware_ws/firmware/dev_ws/install/ament_pycodestyle:/home/satoimo/LEDFACE_ws/esp32_firmware_ws/firmware/dev_ws/install/ament_pep257:/home/satoimo/LEDFACE_ws/esp32_firmware_ws/firmware/dev_ws/install/ament_pclint:/home/satoimo/LEDFACE_ws/esp32_firmware_ws/firmware/dev_ws/install/ament_package:/home/satoimo/LEDFACE_ws/esp32_firmware_ws/firmware/dev_ws/install/ament_mypy:/home/satoimo/LEDFACE_ws/esp32_firmware_ws/firmware/dev_ws/install/ament_lint_cmake:/home/satoimo/LEDFACE_ws/esp32_firmware_ws/firmware/dev_ws/install/ament_flake8:/home/satoimo/LEDFACE_ws/esp32_firmware_ws/firmware/dev_ws/install/ament_copyright:/home/satoimo/LEDFACE_ws/esp32_firmware_ws/firmware/dev_ws/install/ament_lint:/home/satoimo/LEDFACE_ws/esp32_firmware_ws/firmware/dev_ws/install/ament_index_python:/home/satoimo/LEDFACE_ws/esp32_firmware_ws/firmware/dev_ws/install/ament_cpplint:/home/satoimo/LEDFACE_ws/esp32_firmware_ws/firmware/dev_ws/install/ament_cppcheck:/home/satoimo/LEDFACE_ws/esp32_firmware_ws/firmware/dev_ws/install/ament_clang_tidy:/home/satoimo/LEDFACE_ws/esp32_firmware_ws/firmware/dev_ws/install/ament_clang_format /usr/bin/cmake --build /home/satoimo/LEDFACE_ws/esp32_firmware_ws/firmware/mcu_ws/build/tracetools -- -j16 -l16
[1.393s] gmake[4]: Entering directory '/home/satoimo/LEDFACE_ws/esp32_firmware_ws/firmware/mcu_ws/build/tracetools'
[1.393s] /usr/bin/cmake -S/home/satoimo/LEDFACE_ws/esp32_firmware_ws/firmware/mcu_ws/uros/tracetools/tracetools -B/home/satoimo/LEDFACE_ws/esp32_firmware_ws/firmware/mcu_ws/build/tracetools --check-build-system CMakeFiles/Makefile.cmake 0
[1.410s] /usr/bin/cmake -E cmake_progress_start /home/satoimo/LEDFACE_ws/esp32_firmware_ws/firmware/mcu_ws/build/tracetools/CMakeFiles /home/satoimo/LEDFACE_ws/esp32_firmware_ws/firmware/mcu_ws/build/tracetools//CMakeFiles/progress.marks
[1.423s] /usr/bin/gmake  -f CMakeFiles/Makefile2 all
[1.425s] gmake[5]: Entering directory '/home/satoimo/LEDFACE_ws/esp32_firmware_ws/firmware/mcu_ws/build/tracetools'
[1.425s] gmake[5]: Nothing to be done for 'all'.
[1.425s] gmake[5]: Leaving directory '/home/satoimo/LEDFACE_ws/esp32_firmware_ws/firmware/mcu_ws/build/tracetools'
[1.425s] /usr/bin/cmake -E cmake_progress_start /home/satoimo/LEDFACE_ws/esp32_firmware_ws/firmware/mcu_ws/build/tracetools/CMakeFiles 0
[1.437s] gmake[4]: Leaving directory '/home/satoimo/LEDFACE_ws/esp32_firmware_ws/firmware/mcu_ws/build/tracetools'
[1.443s] Invoked command in '/home/satoimo/LEDFACE_ws/esp32_firmware_ws/firmware/mcu_ws/build/tracetools' returned '0': CMAKE_PREFIX_PATH=${CMAKE_PREFIX_PATH}:/home/satoimo/LEDFACE_ws/esp32_firmware_ws/firmware/dev_ws/install/ament_uncrustify:/home/satoimo/LEDFACE_ws/esp32_firmware_ws/firmware/dev_ws/install/domain_coordinator:/home/satoimo/LEDFACE_ws/esp32_firmware_ws/firmware/dev_ws/install/ament_xmllint:/home/satoimo/LEDFACE_ws/esp32_firmware_ws/firmware/dev_ws/install/ament_pyflakes:/home/satoimo/LEDFACE_ws/esp32_firmware_ws/firmware/dev_ws/install/ament_pycodestyle:/home/satoimo/LEDFACE_ws/esp32_firmware_ws/firmware/dev_ws/install/ament_pep257:/home/satoimo/LEDFACE_ws/esp32_firmware_ws/firmware/dev_ws/install/ament_pclint:/home/satoimo/LEDFACE_ws/esp32_firmware_ws/firmware/dev_ws/install/ament_package:/home/satoimo/LEDFACE_ws/esp32_firmware_ws/firmware/dev_ws/install/ament_mypy:/home/satoimo/LEDFACE_ws/esp32_firmware_ws/firmware/dev_ws/install/ament_lint_cmake:/home/satoimo/LEDFACE_ws/esp32_firmware_ws/firmware/dev_ws/install/ament_flake8:/home/satoimo/LEDFACE_ws/esp32_firmware_ws/firmware/dev_ws/install/ament_copyright:/home/satoimo/LEDFACE_ws/esp32_firmware_ws/firmware/dev_ws/install/ament_lint:/home/satoimo/LEDFACE_ws/esp32_firmware_ws/firmware/dev_ws/install/ament_index_python:/home/satoimo/LEDFACE_ws/esp32_firmware_ws/firmware/dev_ws/install/ament_cpplint:/home/satoimo/LEDFACE_ws/esp32_firmware_ws/firmware/dev_ws/install/ament_cppcheck:/home/satoimo/LEDFACE_ws/esp32_firmware_ws/firmware/dev_ws/install/ament_clang_tidy:/home/satoimo/LEDFACE_ws/esp32_firmware_ws/firmware/dev_ws/install/ament_clang_format /usr/bin/cmake --build /home/satoimo/LEDFACE_ws/esp32_firmware_ws/firmware/mcu_ws/build/tracetools -- -j16 -l16
[1.446s] Invoking command in '/home/satoimo/LEDFACE_ws/esp32_firmware_ws/firmware/mcu_ws/build/tracetools': CMAKE_PREFIX_PATH=${CMAKE_PREFIX_PATH}:/home/satoimo/LEDFACE_ws/esp32_firmware_ws/firmware/dev_ws/install/ament_uncrustify:/home/satoimo/LEDFACE_ws/esp32_firmware_ws/firmware/dev_ws/install/domain_coordinator:/home/satoimo/LEDFACE_ws/esp32_firmware_ws/firmware/dev_ws/install/ament_xmllint:/home/satoimo/LEDFACE_ws/esp32_firmware_ws/firmware/dev_ws/install/ament_pyflakes:/home/satoimo/LEDFACE_ws/esp32_firmware_ws/firmware/dev_ws/install/ament_pycodestyle:/home/satoimo/LEDFACE_ws/esp32_firmware_ws/firmware/dev_ws/install/ament_pep257:/home/satoimo/LEDFACE_ws/esp32_firmware_ws/firmware/dev_ws/install/ament_pclint:/home/satoimo/LEDFACE_ws/esp32_firmware_ws/firmware/dev_ws/install/ament_package:/home/satoimo/LEDFACE_ws/esp32_firmware_ws/firmware/dev_ws/install/ament_mypy:/home/satoimo/LEDFACE_ws/esp32_firmware_ws/firmware/dev_ws/install/ament_lint_cmake:/home/satoimo/LEDFACE_ws/esp32_firmware_ws/firmware/dev_ws/install/ament_flake8:/home/satoimo/LEDFACE_ws/esp32_firmware_ws/firmware/dev_ws/install/ament_copyright:/home/satoimo/LEDFACE_ws/esp32_firmware_ws/firmware/dev_ws/install/ament_lint:/home/satoimo/LEDFACE_ws/esp32_firmware_ws/firmware/dev_ws/install/ament_index_python:/home/satoimo/LEDFACE_ws/esp32_firmware_ws/firmware/dev_ws/install/ament_cpplint:/home/satoimo/LEDFACE_ws/esp32_firmware_ws/firmware/dev_ws/install/ament_cppcheck:/home/satoimo/LEDFACE_ws/esp32_firmware_ws/firmware/dev_ws/install/ament_clang_tidy:/home/satoimo/LEDFACE_ws/esp32_firmware_ws/firmware/dev_ws/install/ament_clang_format /usr/bin/cmake --install /home/satoimo/LEDFACE_ws/esp32_firmware_ws/firmware/mcu_ws/build/tracetools
[1.455s] -- Install configuration: "Debug"
[1.455s] -- Up-to-date: /home/satoimo/LEDFACE_ws/esp32_firmware_ws/firmware/mcu_ws/install/include/tracetools
[1.455s] -- Installing: /home/satoimo/LEDFACE_ws/esp32_firmware_ws/firmware/mcu_ws/install/include/tracetools/tracetools
[1.455s] -- Installing: /home/satoimo/LEDFACE_ws/esp32_firmware_ws/firmware/mcu_ws/install/include/tracetools/tracetools/visibility_control.hpp
[1.455s] -- Installing: /home/satoimo/LEDFACE_ws/esp32_firmware_ws/firmware/mcu_ws/install/include/tracetools/tracetools/tracetools.h
[1.455s] -- Installing: /home/satoimo/LEDFACE_ws/esp32_firmware_ws/firmware/mcu_ws/install/include/tracetools/tracetools/utils.hpp
[1.456s] -- Installing: /home/satoimo/LEDFACE_ws/esp32_firmware_ws/firmware/mcu_ws/install/include/tracetools/tracetools/config.h
[1.456s] -- Installing: /home/satoimo/LEDFACE_ws/esp32_firmware_ws/firmware/mcu_ws/install/share/ament_index/resource_index/package_run_dependencies/tracetools
[1.456s] -- Installing: /home/satoimo/LEDFACE_ws/esp32_firmware_ws/firmware/mcu_ws/install/share/ament_index/resource_index/parent_prefix_path/tracetools
[1.457s] -- Installing: /home/satoimo/LEDFACE_ws/esp32_firmware_ws/firmware/mcu_ws/install/share/tracetools/environment/ament_prefix_path.sh
[1.457s] -- Installing: /home/satoimo/LEDFACE_ws/esp32_firmware_ws/firmware/mcu_ws/install/share/tracetools/environment/ament_prefix_path.dsv
[1.457s] -- Installing: /home/satoimo/LEDFACE_ws/esp32_firmware_ws/firmware/mcu_ws/install/share/tracetools/environment/path.sh
[1.457s] -- Installing: /home/satoimo/LEDFACE_ws/esp32_firmware_ws/firmware/mcu_ws/install/share/tracetools/environment/path.dsv
[1.457s] -- Installing: /home/satoimo/LEDFACE_ws/esp32_firmware_ws/firmware/mcu_ws/install/share/tracetools/local_setup.bash
[1.458s] -- Installing: /home/satoimo/LEDFACE_ws/esp32_firmware_ws/firmware/mcu_ws/install/share/tracetools/local_setup.sh
[1.458s] -- Installing: /home/satoimo/LEDFACE_ws/esp32_firmware_ws/firmware/mcu_ws/install/share/tracetools/local_setup.zsh
[1.458s] -- Installing: /home/satoimo/LEDFACE_ws/esp32_firmware_ws/firmware/mcu_ws/install/share/tracetools/local_setup.dsv
[1.458s] -- Installing: /home/satoimo/LEDFACE_ws/esp32_firmware_ws/firmware/mcu_ws/install/share/tracetools/package.dsv
[1.459s] -- Installing: /home/satoimo/LEDFACE_ws/esp32_firmware_ws/firmware/mcu_ws/install/share/ament_index/resource_index/packages/tracetools
[1.459s] -- Installing: /home/satoimo/LEDFACE_ws/esp32_firmware_ws/firmware/mcu_ws/install/share/tracetools/cmake/tracetools_exportExport.cmake
[1.459s] -- Installing: /home/satoimo/LEDFACE_ws/esp32_firmware_ws/firmware/mcu_ws/install/share/tracetools/cmake/ament_cmake_export_targets-extras.cmake
[1.459s] -- Installing: /home/satoimo/LEDFACE_ws/esp32_firmware_ws/firmware/mcu_ws/install/share/tracetools/cmake/ament_cmake_export_include_directories-extras.cmake
[1.460s] -- Installing: /home/satoimo/LEDFACE_ws/esp32_firmware_ws/firmware/mcu_ws/install/share/tracetools/cmake/tracetoolsConfig.cmake
[1.460s] -- Installing: /home/satoimo/LEDFACE_ws/esp32_firmware_ws/firmware/mcu_ws/install/share/tracetools/cmake/tracetoolsConfig-version.cmake
[1.461s] -- Installing: /home/satoimo/LEDFACE_ws/esp32_firmware_ws/firmware/mcu_ws/install/share/tracetools/package.xml
[1.465s] Invoked command in '/home/satoimo/LEDFACE_ws/esp32_firmware_ws/firmware/mcu_ws/build/tracetools' returned '0': CMAKE_PREFIX_PATH=${CMAKE_PREFIX_PATH}:/home/satoimo/LEDFACE_ws/esp32_firmware_ws/firmware/dev_ws/install/ament_uncrustify:/home/satoimo/LEDFACE_ws/esp32_firmware_ws/firmware/dev_ws/install/domain_coordinator:/home/satoimo/LEDFACE_ws/esp32_firmware_ws/firmware/dev_ws/install/ament_xmllint:/home/satoimo/LEDFACE_ws/esp32_firmware_ws/firmware/dev_ws/install/ament_pyflakes:/home/satoimo/LEDFACE_ws/esp32_firmware_ws/firmware/dev_ws/install/ament_pycodestyle:/home/satoimo/LEDFACE_ws/esp32_firmware_ws/firmware/dev_ws/install/ament_pep257:/home/satoimo/LEDFACE_ws/esp32_firmware_ws/firmware/dev_ws/install/ament_pclint:/home/satoimo/LEDFACE_ws/esp32_firmware_ws/firmware/dev_ws/install/ament_package:/home/satoimo/LEDFACE_ws/esp32_firmware_ws/firmware/dev_ws/install/ament_mypy:/home/satoimo/LEDFACE_ws/esp32_firmware_ws/firmware/dev_ws/install/ament_lint_cmake:/home/satoimo/LEDFACE_ws/esp32_firmware_ws/firmware/dev_ws/install/ament_flake8:/home/satoimo/LEDFACE_ws/esp32_firmware_ws/firmware/dev_ws/install/ament_copyright:/home/satoimo/LEDFACE_ws/esp32_firmware_ws/firmware/dev_ws/install/ament_lint:/home/satoimo/LEDFACE_ws/esp32_firmware_ws/firmware/dev_ws/install/ament_index_python:/home/satoimo/LEDFACE_ws/esp32_firmware_ws/firmware/dev_ws/install/ament_cpplint:/home/satoimo/LEDFACE_ws/esp32_firmware_ws/firmware/dev_ws/install/ament_cppcheck:/home/satoimo/LEDFACE_ws/esp32_firmware_ws/firmware/dev_ws/install/ament_clang_tidy:/home/satoimo/LEDFACE_ws/esp32_firmware_ws/firmware/dev_ws/install/ament_clang_format /usr/bin/cmake --install /home/satoimo/LEDFACE_ws/esp32_firmware_ws/firmware/mcu_ws/build/tracetools
