[0.777s] Invoking command in '/home/satoimo/LEDFACE_ws/esp32_firmware_ws/firmware/mcu_ws/ros2/common_interfaces/sensor_msgs_py': AMENT_PREFIX_PATH=/home/satoimo/LEDFACE_ws/esp32_firmware_ws/firmware/mcu_ws/install:${AMENT_PREFIX_PATH} CMAKE_PREFIX_PATH=/home/satoimo/LEDFACE_ws/esp32_firmware_ws/firmware/mcu_ws/install:${CMAKE_PREFIX_PATH} LD_LIBRARY_PATH=/home/satoimo/LEDFACE_ws/esp32_firmware_ws/firmware/mcu_ws/install/lib:${LD_LIBRARY_PATH} PATH=/home/satoimo/LEDFACE_ws/esp32_firmware_ws/firmware/mcu_ws/install/bin:${PATH} PYTHONPATH=/home/satoimo/LEDFACE_ws/esp32_firmware_ws/firmware/mcu_ws/build/sensor_msgs_py/prefix_override:/home/satoimo/LEDFACE_ws/esp32_firmware_ws/firmware/toolchain/espressif/python_env/idf4.1_py3.10_env/lib/python3.10/site-packages/colcon_core/task/python/colcon_distutils_commands:/home/satoimo/LEDFACE_ws/esp32_firmware_ws/firmware/mcu_ws/install/lib/python3.10/site-packages:/home/satoimo/LEDFACE_ws/esp32_firmware_ws/firmware/mcu_ws/install/lib/python3.10/site-packages:${PYTHONPATH} /home/satoimo/LEDFACE_ws/esp32_firmware_ws/firmware/toolchain/espressif/python_env/idf4.1_py3.10_env/bin/python -W ignore:setup.py install is deprecated -W ignore:easy_install command is deprecated setup.py egg_info --egg-base ../../../build/sensor_msgs_py build --build-base /home/satoimo/LEDFACE_ws/esp32_firmware_ws/firmware/mcu_ws/build/sensor_msgs_py/build install --record /home/satoimo/LEDFACE_ws/esp32_firmware_ws/firmware/mcu_ws/build/sensor_msgs_py/install.log --single-version-externally-managed install_data
[1.062s] /home/satoimo/LEDFACE_ws/esp32_firmware_ws/firmware/toolchain/espressif/python_env/idf4.1_py3.10_env/lib/python3.10/site-packages/setuptools/_distutils/dist.py:289: UserWarning: Unknown distribution option: 'tests_require'
[1.062s]   warnings.warn(msg)
[1.108s] running egg_info
[1.114s] writing ../../../build/sensor_msgs_py/sensor_msgs_py.egg-info/PKG-INFO
[1.115s] writing dependency_links to ../../../build/sensor_msgs_py/sensor_msgs_py.egg-info/dependency_links.txt
[1.115s] writing requirements to ../../../build/sensor_msgs_py/sensor_msgs_py.egg-info/requires.txt
[1.115s] writing top-level names to ../../../build/sensor_msgs_py/sensor_msgs_py.egg-info/top_level.txt
[1.130s] reading manifest file '../../../build/sensor_msgs_py/sensor_msgs_py.egg-info/SOURCES.txt'
[1.131s] adding license file 'LICENSE'
[1.132s] writing manifest file '../../../build/sensor_msgs_py/sensor_msgs_py.egg-info/SOURCES.txt'
[1.132s] running build
[1.132s] running build_py
[1.132s] copying sensor_msgs_py/numpy_compat.py -> /home/satoimo/LEDFACE_ws/esp32_firmware_ws/firmware/mcu_ws/build/sensor_msgs_py/build/lib/sensor_msgs_py
[1.133s] copying sensor_msgs_py/point_cloud2.py -> /home/satoimo/LEDFACE_ws/esp32_firmware_ws/firmware/mcu_ws/build/sensor_msgs_py/build/lib/sensor_msgs_py
[1.133s] copying sensor_msgs_py/__init__.py -> /home/satoimo/LEDFACE_ws/esp32_firmware_ws/firmware/mcu_ws/build/sensor_msgs_py/build/lib/sensor_msgs_py
[1.134s] running install
[1.138s] running install_lib
[1.147s] running install_data
[1.147s] copying resource/sensor_msgs_py -> /home/satoimo/LEDFACE_ws/esp32_firmware_ws/firmware/mcu_ws/install/share/ament_index/resource_index/packages
[1.148s] copying package.xml -> /home/satoimo/LEDFACE_ws/esp32_firmware_ws/firmware/mcu_ws/install/share/sensor_msgs_py
[1.148s] running install_egg_info
[1.156s] removing '/home/satoimo/LEDFACE_ws/esp32_firmware_ws/firmware/mcu_ws/install/lib/python3.10/site-packages/sensor_msgs_py-4.9.0-py3.10.egg-info' (and everything under it)
[1.157s] Copying ../../../build/sensor_msgs_py/sensor_msgs_py.egg-info to /home/satoimo/LEDFACE_ws/esp32_firmware_ws/firmware/mcu_ws/install/lib/python3.10/site-packages/sensor_msgs_py-4.9.0-py3.10.egg-info
[1.158s] running install_scripts
[1.219s] writing list of installed files to '/home/satoimo/LEDFACE_ws/esp32_firmware_ws/firmware/mcu_ws/build/sensor_msgs_py/install.log'
[1.253s] Invoked command in '/home/satoimo/LEDFACE_ws/esp32_firmware_ws/firmware/mcu_ws/ros2/common_interfaces/sensor_msgs_py' returned '0': AMENT_PREFIX_PATH=/home/satoimo/LEDFACE_ws/esp32_firmware_ws/firmware/mcu_ws/install:${AMENT_PREFIX_PATH} CMAKE_PREFIX_PATH=/home/satoimo/LEDFACE_ws/esp32_firmware_ws/firmware/mcu_ws/install:${CMAKE_PREFIX_PATH} LD_LIBRARY_PATH=/home/satoimo/LEDFACE_ws/esp32_firmware_ws/firmware/mcu_ws/install/lib:${LD_LIBRARY_PATH} PATH=/home/satoimo/LEDFACE_ws/esp32_firmware_ws/firmware/mcu_ws/install/bin:${PATH} PYTHONPATH=/home/satoimo/LEDFACE_ws/esp32_firmware_ws/firmware/mcu_ws/build/sensor_msgs_py/prefix_override:/home/satoimo/LEDFACE_ws/esp32_firmware_ws/firmware/toolchain/espressif/python_env/idf4.1_py3.10_env/lib/python3.10/site-packages/colcon_core/task/python/colcon_distutils_commands:/home/satoimo/LEDFACE_ws/esp32_firmware_ws/firmware/mcu_ws/install/lib/python3.10/site-packages:/home/satoimo/LEDFACE_ws/esp32_firmware_ws/firmware/mcu_ws/install/lib/python3.10/site-packages:${PYTHONPATH} /home/satoimo/LEDFACE_ws/esp32_firmware_ws/firmware/toolchain/espressif/python_env/idf4.1_py3.10_env/bin/python -W ignore:setup.py install is deprecated -W ignore:easy_install command is deprecated setup.py egg_info --egg-base ../../../build/sensor_msgs_py build --build-base /home/satoimo/LEDFACE_ws/esp32_firmware_ws/firmware/mcu_ws/build/sensor_msgs_py/build install --record /home/satoimo/LEDFACE_ws/esp32_firmware_ws/firmware/mcu_ws/build/sensor_msgs_py/install.log --single-version-externally-managed install_data
